[0.007s] Invoking command in '/home/udit/septentrio/build/nmea_msgs': CMAKE_PREFIX_PATH=/opt/ros/humble /usr/bin/cmake /home/udit/septentrio/nmea_msgs -DCMAKE_INSTALL_PREFIX=/home/udit/septentrio/install/nmea_msgs
[0.047s] -- The C compiler identification is GNU 11.4.0
[0.090s] -- The CXX compiler identification is GNU 11.4.0
[0.097s] -- Detecting C compiler ABI info
[0.140s] -- Detecting C compiler ABI info - done
[0.145s] -- Check for working C compiler: /usr/lib/ccache/cc - skipped
[0.145s] -- Detecting C compile features
[0.145s] -- Detecting C compile features - done
[0.147s] -- Detecting CXX compiler ABI info
[0.198s] -- Detecting CXX compiler ABI info - done
[0.204s] -- Check for working CXX compiler: /usr/lib/ccache/c++ - skipped
[0.204s] -- Detecting CXX compile features
[0.204s] -- Detecting CXX compile features - done
[0.206s] -- Found ament_cmake: 1.3.11 (/opt/ros/humble/share/ament_cmake/cmake)
[0.454s] -- Found Python3: /usr/bin/python3 (found version "3.10.12") found components: Interpreter 
[0.517s] -- Found rosidl_default_generators: 1.2.0 (/opt/ros/humble/share/rosidl_default_generators/cmake)
[0.519s] -- Using all available rosidl_typesupport_c: rosidl_typesupport_fastrtps_c;rosidl_typesupport_introspection_c
[0.524s] -- Found rosidl_adapter: 3.1.6 (/opt/ros/humble/share/rosidl_adapter/cmake)
[0.554s] -- Using all available rosidl_typesupport_cpp: rosidl_typesupport_fastrtps_cpp;rosidl_typesupport_introspection_cpp
[0.575s] -- Found std_msgs: 4.8.0 (/opt/ros/humble/share/std_msgs/cmake)
[0.825s] -- Found ament_cmake_ros: 0.10.0 (/opt/ros/humble/share/ament_cmake_ros/cmake)
[0.988s] -- Using all available rosidl_typesupport_c: rosidl_typesupport_fastrtps_c;rosidl_typesupport_introspection_c
[1.201s] -- Using all available rosidl_typesupport_cpp: rosidl_typesupport_fastrtps_cpp;rosidl_typesupport_introspection_cpp
[1.217s] -- Found PythonInterp: /usr/bin/python3 (found suitable version "3.10.12", minimum required is "3.6") 
[1.218s] -- Found python_cmake_module: 0.10.0 (/opt/ros/humble/share/python_cmake_module/cmake)
[1.239s] -- Found PythonLibs: /usr/lib/x86_64-linux-gnu/libpython3.10.so (found suitable version "3.10.12", minimum required is "3.5") 
[1.239s] -- Using PYTHON_EXECUTABLE: /usr/bin/python3
[1.239s] -- Using PYTHON_INCLUDE_DIRS: /usr/include/python3.10
[1.239s] -- Using PYTHON_LIBRARIES: /usr/lib/x86_64-linux-gnu/libpython3.10.so
[1.254s] -- Found PythonExtra: .so  
[1.295s] -- Configuring done
[1.327s] -- Generating done
[1.336s] -- Build files have been written to: /home/udit/septentrio/build/nmea_msgs
[1.342s] Invoked command in '/home/udit/septentrio/build/nmea_msgs' returned '0': CMAKE_PREFIX_PATH=/opt/ros/humble /usr/bin/cmake /home/udit/septentrio/nmea_msgs -DCMAKE_INSTALL_PREFIX=/home/udit/septentrio/install/nmea_msgs
[1.343s] Invoking command in '/home/udit/septentrio/build/nmea_msgs': CMAKE_PREFIX_PATH=/opt/ros/humble /usr/bin/cmake --build /home/udit/septentrio/build/nmea_msgs -- -j16 -l16
[1.373s] [  1%] [34m[1mGenerating C code for ROS interfaces[0m
[1.380s] [  1%] [34m[1mGenerating C++ code for ROS interfaces[0m
[1.385s] [  1%] Built target ament_cmake_python_copy_nmea_msgs
[1.564s] running egg_info
[1.582s] creating nmea_msgs.egg-info
[1.582s] writing nmea_msgs.egg-info/PKG-INFO
[1.582s] writing dependency_links to nmea_msgs.egg-info/dependency_links.txt
[1.582s] writing top-level names to nmea_msgs.egg-info/top_level.txt
[1.676s] writing manifest file 'nmea_msgs.egg-info/SOURCES.txt'
[1.732s] reading manifest file 'nmea_msgs.egg-info/SOURCES.txt'
[1.732s] writing manifest file 'nmea_msgs.egg-info/SOURCES.txt'
[1.753s] [  1%] Built target ament_cmake_python_build_nmea_msgs_egg
[2.120s] [  1%] Built target nmea_msgs__cpp
[2.129s] [  3%] [34m[1mGenerating C++ type support dispatch for ROS interfaces[0m
[2.129s] [  3%] [34m[1mGenerating C++ introspection for ROS interfaces[0m
[2.129s] [  4%] [34m[1mGenerating C++ type support for eProsima Fast-RTPS[0m
[2.131s] [  5%] [32mBuilding C object CMakeFiles/nmea_msgs__rosidl_generator_c.dir/rosidl_generator_c/nmea_msgs/msg/detail/gpgsv__functions.c.o[0m
[2.131s] [  6%] [32mBuilding C object CMakeFiles/nmea_msgs__rosidl_generator_c.dir/rosidl_generator_c/nmea_msgs/msg/detail/sentence__functions.c.o[0m
[2.131s] [  7%] [32mBuilding C object CMakeFiles/nmea_msgs__rosidl_generator_c.dir/rosidl_generator_c/nmea_msgs/msg/detail/gpgsv_satellite__functions.c.o[0m
[2.131s] [  9%] [32mBuilding C object CMakeFiles/nmea_msgs__rosidl_generator_c.dir/rosidl_generator_c/nmea_msgs/msg/detail/gpgga__functions.c.o[0m
[2.132s] [  9%] [32mBuilding C object CMakeFiles/nmea_msgs__rosidl_generator_c.dir/rosidl_generator_c/nmea_msgs/msg/detail/gpgst__functions.c.o[0m
[2.132s] [ 10%] [32mBuilding C object CMakeFiles/nmea_msgs__rosidl_generator_c.dir/rosidl_generator_c/nmea_msgs/msg/detail/gpgsa__functions.c.o[0m
[2.133s] [ 11%] [32mBuilding C object CMakeFiles/nmea_msgs__rosidl_generator_c.dir/rosidl_generator_c/nmea_msgs/msg/detail/gpvtg__functions.c.o[0m
[2.133s] [ 12%] [32mBuilding C object CMakeFiles/nmea_msgs__rosidl_generator_c.dir/rosidl_generator_c/nmea_msgs/msg/detail/gprmc__functions.c.o[0m
[2.133s] [ 13%] [32mBuilding C object CMakeFiles/nmea_msgs__rosidl_generator_c.dir/rosidl_generator_c/nmea_msgs/msg/detail/gpzda__functions.c.o[0m
[2.133s] [ 14%] [32mBuilding C object CMakeFiles/nmea_msgs__rosidl_generator_c.dir/rosidl_generator_c/nmea_msgs/msg/detail/gphdt__functions.c.o[0m
[2.168s] [ 15%] [32m[1mLinking C shared library libnmea_msgs__rosidl_generator_c.so[0m
[2.200s] [ 15%] Built target nmea_msgs__rosidl_generator_c
[2.208s] [ 18%] [34m[1mGenerating C introspection for ROS interfaces[0m
[2.208s] [ 18%] [34m[1mGenerating C type support dispatch for ROS interfaces[0m
[2.208s] [ 18%] [34m[1mGenerating C type support for eProsima Fast-RTPS[0m
[2.734s] [ 23%] [32mBuilding CXX object CMakeFiles/nmea_msgs__rosidl_typesupport_cpp.dir/rosidl_typesupport_cpp/nmea_msgs/msg/gpgsa__type_support.cpp.o[0m
[2.735s] [ 23%] [32mBuilding CXX object CMakeFiles/nmea_msgs__rosidl_typesupport_cpp.dir/rosidl_typesupport_cpp/nmea_msgs/msg/gpgsv_satellite__type_support.cpp.o[0m
[2.735s] [ 23%] [32mBuilding CXX object CMakeFiles/nmea_msgs__rosidl_typesupport_cpp.dir/rosidl_typesupport_cpp/nmea_msgs/msg/sentence__type_support.cpp.o[0m
[2.735s] [ 24%] [32mBuilding CXX object CMakeFiles/nmea_msgs__rosidl_typesupport_cpp.dir/rosidl_typesupport_cpp/nmea_msgs/msg/gprmc__type_support.cpp.o[0m
[2.735s] [ 25%] [32mBuilding CXX object CMakeFiles/nmea_msgs__rosidl_typesupport_cpp.dir/rosidl_typesupport_cpp/nmea_msgs/msg/gpvtg__type_support.cpp.o[0m
[2.735s] [ 26%] [32mBuilding CXX object CMakeFiles/nmea_msgs__rosidl_typesupport_cpp.dir/rosidl_typesupport_cpp/nmea_msgs/msg/gphdt__type_support.cpp.o[0m
[2.735s] [ 23%] [32mBuilding CXX object CMakeFiles/nmea_msgs__rosidl_typesupport_cpp.dir/rosidl_typesupport_cpp/nmea_msgs/msg/gpgsv__type_support.cpp.o[0m
[2.735s] [ 23%] [32mBuilding CXX object CMakeFiles/nmea_msgs__rosidl_typesupport_cpp.dir/rosidl_typesupport_cpp/nmea_msgs/msg/gpgga__type_support.cpp.o[0m
[2.735s] [ 27%] [32mBuilding CXX object CMakeFiles/nmea_msgs__rosidl_typesupport_cpp.dir/rosidl_typesupport_cpp/nmea_msgs/msg/gpzda__type_support.cpp.o[0m
[2.735s] [ 28%] [32mBuilding CXX object CMakeFiles/nmea_msgs__rosidl_typesupport_cpp.dir/rosidl_typesupport_cpp/nmea_msgs/msg/gpgst__type_support.cpp.o[0m
[2.846s] [ 32%] [32mBuilding CXX object CMakeFiles/nmea_msgs__rosidl_typesupport_c.dir/rosidl_typesupport_c/nmea_msgs/msg/sentence__type_support.cpp.o[0m
[2.846s] [ 32%] [32mBuilding CXX object CMakeFiles/nmea_msgs__rosidl_typesupport_c.dir/rosidl_typesupport_c/nmea_msgs/msg/gpgst__type_support.cpp.o[0m
[2.846s] [ 32%] [32mBuilding CXX object CMakeFiles/nmea_msgs__rosidl_typesupport_c.dir/rosidl_typesupport_c/nmea_msgs/msg/gpgga__type_support.cpp.o[0m
[2.847s] [ 32%] [32mBuilding CXX object CMakeFiles/nmea_msgs__rosidl_typesupport_c.dir/rosidl_typesupport_c/nmea_msgs/msg/gpgsv__type_support.cpp.o[0m
[2.847s] [ 33%] [32mBuilding CXX object CMakeFiles/nmea_msgs__rosidl_typesupport_c.dir/rosidl_typesupport_c/nmea_msgs/msg/gpgsa__type_support.cpp.o[0m
[2.848s] [ 34%] [32mBuilding CXX object CMakeFiles/nmea_msgs__rosidl_typesupport_c.dir/rosidl_typesupport_c/nmea_msgs/msg/gpgsv_satellite__type_support.cpp.o[0m
[2.848s] [ 35%] [32mBuilding CXX object CMakeFiles/nmea_msgs__rosidl_typesupport_c.dir/rosidl_typesupport_c/nmea_msgs/msg/gprmc__type_support.cpp.o[0m
[2.848s] [ 36%] [32mBuilding CXX object CMakeFiles/nmea_msgs__rosidl_typesupport_c.dir/rosidl_typesupport_c/nmea_msgs/msg/gpvtg__type_support.cpp.o[0m
[2.848s] [ 36%] [32mBuilding CXX object CMakeFiles/nmea_msgs__rosidl_typesupport_c.dir/rosidl_typesupport_c/nmea_msgs/msg/gpzda__type_support.cpp.o[0m
[2.848s] [ 37%] [32mBuilding CXX object CMakeFiles/nmea_msgs__rosidl_typesupport_c.dir/rosidl_typesupport_c/nmea_msgs/msg/gphdt__type_support.cpp.o[0m
[2.857s] [ 38%] [32m[1mLinking CXX shared library libnmea_msgs__rosidl_typesupport_cpp.so[0m
[2.862s] [ 39%] [32m[1mLinking CXX shared library libnmea_msgs__rosidl_typesupport_c.so[0m
[2.864s] [ 43%] [32mBuilding CXX object CMakeFiles/nmea_msgs__rosidl_typesupport_introspection_cpp.dir/rosidl_typesupport_introspection_cpp/nmea_msgs/msg/detail/gpgst__type_support.cpp.o[0m
[2.864s] [ 43%] [32mBuilding CXX object CMakeFiles/nmea_msgs__rosidl_typesupport_introspection_cpp.dir/rosidl_typesupport_introspection_cpp/nmea_msgs/msg/detail/gpgga__type_support.cpp.o[0m
[2.864s] [ 43%] [32mBuilding CXX object CMakeFiles/nmea_msgs__rosidl_typesupport_introspection_cpp.dir/rosidl_typesupport_introspection_cpp/nmea_msgs/msg/detail/gpgsa__type_support.cpp.o[0m
[2.865s] [ 44%] [32mBuilding CXX object CMakeFiles/nmea_msgs__rosidl_typesupport_introspection_cpp.dir/rosidl_typesupport_introspection_cpp/nmea_msgs/msg/detail/gpgsv__type_support.cpp.o[0m
[2.865s] [ 45%] [32mBuilding CXX object CMakeFiles/nmea_msgs__rosidl_typesupport_introspection_cpp.dir/rosidl_typesupport_introspection_cpp/nmea_msgs/msg/detail/gpgsv_satellite__type_support.cpp.o[0m
[2.865s] [ 46%] [32mBuilding CXX object CMakeFiles/nmea_msgs__rosidl_typesupport_introspection_cpp.dir/rosidl_typesupport_introspection_cpp/nmea_msgs/msg/detail/gprmc__type_support.cpp.o[0m
[2.865s] [ 43%] [32mBuilding CXX object CMakeFiles/nmea_msgs__rosidl_typesupport_introspection_cpp.dir/rosidl_typesupport_introspection_cpp/nmea_msgs/msg/detail/sentence__type_support.cpp.o[0m
[2.866s] [ 47%] [32mBuilding CXX object CMakeFiles/nmea_msgs__rosidl_typesupport_introspection_cpp.dir/rosidl_typesupport_introspection_cpp/nmea_msgs/msg/detail/gpvtg__type_support.cpp.o[0m
[2.866s] [ 48%] [32mBuilding CXX object CMakeFiles/nmea_msgs__rosidl_typesupport_introspection_cpp.dir/rosidl_typesupport_introspection_cpp/nmea_msgs/msg/detail/gpzda__type_support.cpp.o[0m
[2.866s] [ 49%] [32mBuilding CXX object CMakeFiles/nmea_msgs__rosidl_typesupport_introspection_cpp.dir/rosidl_typesupport_introspection_cpp/nmea_msgs/msg/detail/gphdt__type_support.cpp.o[0m
[2.883s] [ 50%] [32m[1mLinking CXX shared library libnmea_msgs__rosidl_typesupport_introspection_cpp.so[0m
[2.905s] [ 50%] Built target nmea_msgs__rosidl_typesupport_cpp
[2.913s] [ 50%] Built target nmea_msgs__rosidl_typesupport_c
[2.913s] [ 51%] [32mBuilding CXX object CMakeFiles/nmea_msgs__rosidl_typesupport_fastrtps_cpp.dir/rosidl_typesupport_fastrtps_cpp/nmea_msgs/msg/detail/dds_fastrtps/sentence__type_support.cpp.o[0m
[2.913s] [ 51%] [32mBuilding CXX object CMakeFiles/nmea_msgs__rosidl_typesupport_fastrtps_cpp.dir/rosidl_typesupport_fastrtps_cpp/nmea_msgs/msg/detail/dds_fastrtps/gpgsa__type_support.cpp.o[0m
[2.913s] [ 52%] [32mBuilding CXX object CMakeFiles/nmea_msgs__rosidl_typesupport_fastrtps_cpp.dir/rosidl_typesupport_fastrtps_cpp/nmea_msgs/msg/detail/dds_fastrtps/gpgga__type_support.cpp.o[0m
[2.913s] [ 53%] [32mBuilding CXX object CMakeFiles/nmea_msgs__rosidl_typesupport_fastrtps_cpp.dir/rosidl_typesupport_fastrtps_cpp/nmea_msgs/msg/detail/dds_fastrtps/gpgst__type_support.cpp.o[0m
[2.914s] [ 54%] [32mBuilding CXX object CMakeFiles/nmea_msgs__rosidl_typesupport_fastrtps_cpp.dir/rosidl_typesupport_fastrtps_cpp/nmea_msgs/msg/detail/dds_fastrtps/gpgsv__type_support.cpp.o[0m
[2.914s] [ 55%] [32mBuilding CXX object CMakeFiles/nmea_msgs__rosidl_typesupport_fastrtps_cpp.dir/rosidl_typesupport_fastrtps_cpp/nmea_msgs/msg/detail/dds_fastrtps/gpgsv_satellite__type_support.cpp.o[0m
[2.914s] [ 56%] [32mBuilding CXX object CMakeFiles/nmea_msgs__rosidl_typesupport_fastrtps_cpp.dir/rosidl_typesupport_fastrtps_cpp/nmea_msgs/msg/detail/dds_fastrtps/gpzda__type_support.cpp.o[0m
[2.914s] [ 57%] [32mBuilding CXX object CMakeFiles/nmea_msgs__rosidl_typesupport_fastrtps_cpp.dir/rosidl_typesupport_fastrtps_cpp/nmea_msgs/msg/detail/dds_fastrtps/gpvtg__type_support.cpp.o[0m
[2.914s] [ 58%] [32mBuilding CXX object CMakeFiles/nmea_msgs__rosidl_typesupport_fastrtps_cpp.dir/rosidl_typesupport_fastrtps_cpp/nmea_msgs/msg/detail/dds_fastrtps/gprmc__type_support.cpp.o[0m
[2.914s] [ 59%] [32mBuilding CXX object CMakeFiles/nmea_msgs__rosidl_typesupport_fastrtps_cpp.dir/rosidl_typesupport_fastrtps_cpp/nmea_msgs/msg/detail/dds_fastrtps/gphdt__type_support.cpp.o[0m
[2.971s] [ 59%] Built target nmea_msgs__rosidl_typesupport_introspection_cpp
[3.003s] [ 60%] [32mBuilding C object CMakeFiles/nmea_msgs__rosidl_typesupport_introspection_c.dir/rosidl_typesupport_introspection_c/nmea_msgs/msg/detail/sentence__type_support.c.o[0m
[3.003s] [ 61%] [32mBuilding C object CMakeFiles/nmea_msgs__rosidl_typesupport_introspection_c.dir/rosidl_typesupport_introspection_c/nmea_msgs/msg/detail/gpgga__type_support.c.o[0m
[3.012s] [ 62%] [32mBuilding C object CMakeFiles/nmea_msgs__rosidl_typesupport_introspection_c.dir/rosidl_typesupport_introspection_c/nmea_msgs/msg/detail/gpgsa__type_support.c.o[0m
[3.018s] [ 64%] [32mBuilding C object CMakeFiles/nmea_msgs__rosidl_typesupport_introspection_c.dir/rosidl_typesupport_introspection_c/nmea_msgs/msg/detail/gpgsv__type_support.c.o[0m
[3.018s] [ 64%] [32mBuilding C object CMakeFiles/nmea_msgs__rosidl_typesupport_introspection_c.dir/rosidl_typesupport_introspection_c/nmea_msgs/msg/detail/gpgst__type_support.c.o[0m
[3.019s] [ 65%] [32mBuilding C object CMakeFiles/nmea_msgs__rosidl_typesupport_introspection_c.dir/rosidl_typesupport_introspection_c/nmea_msgs/msg/detail/gpgsv_satellite__type_support.c.o[0m
[3.022s] [ 66%] [32mBuilding C object CMakeFiles/nmea_msgs__rosidl_typesupport_introspection_c.dir/rosidl_typesupport_introspection_c/nmea_msgs/msg/detail/gprmc__type_support.c.o[0m
[3.023s] [ 67%] [32mBuilding C object CMakeFiles/nmea_msgs__rosidl_typesupport_introspection_c.dir/rosidl_typesupport_introspection_c/nmea_msgs/msg/detail/gpvtg__type_support.c.o[0m
[3.028s] [ 68%] [32mBuilding C object CMakeFiles/nmea_msgs__rosidl_typesupport_introspection_c.dir/rosidl_typesupport_introspection_c/nmea_msgs/msg/detail/gpzda__type_support.c.o[0m
[3.030s] [ 69%] [32mBuilding C object CMakeFiles/nmea_msgs__rosidl_typesupport_introspection_c.dir/rosidl_typesupport_introspection_c/nmea_msgs/msg/detail/gphdt__type_support.c.o[0m
[3.035s] [ 70%] [32m[1mLinking CXX shared library libnmea_msgs__rosidl_typesupport_fastrtps_cpp.so[0m
[3.051s] [ 72%] [32mBuilding CXX object CMakeFiles/nmea_msgs__rosidl_typesupport_fastrtps_c.dir/rosidl_typesupport_fastrtps_c/nmea_msgs/msg/detail/gpgga__type_support_c.cpp.o[0m
[3.051s] [ 72%] [32mBuilding CXX object CMakeFiles/nmea_msgs__rosidl_typesupport_fastrtps_c.dir/rosidl_typesupport_fastrtps_c/nmea_msgs/msg/detail/sentence__type_support_c.cpp.o[0m
[3.052s] [ 73%] [32mBuilding CXX object CMakeFiles/nmea_msgs__rosidl_typesupport_fastrtps_c.dir/rosidl_typesupport_fastrtps_c/nmea_msgs/msg/detail/gpvtg__type_support_c.cpp.o[0m
[3.052s] [ 74%] [32mBuilding CXX object CMakeFiles/nmea_msgs__rosidl_typesupport_fastrtps_c.dir/rosidl_typesupport_fastrtps_c/nmea_msgs/msg/detail/gpgsv__type_support_c.cpp.o[0m
[3.052s] [ 75%] [32mBuilding CXX object CMakeFiles/nmea_msgs__rosidl_typesupport_fastrtps_c.dir/rosidl_typesupport_fastrtps_c/nmea_msgs/msg/detail/gpgsa__type_support_c.cpp.o[0m
[3.052s] [ 76%] [32mBuilding CXX object CMakeFiles/nmea_msgs__rosidl_typesupport_fastrtps_c.dir/rosidl_typesupport_fastrtps_c/nmea_msgs/msg/detail/gpgst__type_support_c.cpp.o[0m
[3.053s] [ 78%] [32mBuilding CXX object CMakeFiles/nmea_msgs__rosidl_typesupport_fastrtps_c.dir/rosidl_typesupport_fastrtps_c/nmea_msgs/msg/detail/gprmc__type_support_c.cpp.o[0m
[3.053s] [ 78%] [32mBuilding CXX object CMakeFiles/nmea_msgs__rosidl_typesupport_fastrtps_c.dir/rosidl_typesupport_fastrtps_c/nmea_msgs/msg/detail/gpgsv_satellite__type_support_c.cpp.o[0m
[3.053s] [ 79%] [32mBuilding CXX object CMakeFiles/nmea_msgs__rosidl_typesupport_fastrtps_c.dir/rosidl_typesupport_fastrtps_c/nmea_msgs/msg/detail/gpzda__type_support_c.cpp.o[0m
[3.053s] [ 80%] [32mBuilding CXX object CMakeFiles/nmea_msgs__rosidl_typesupport_fastrtps_c.dir/rosidl_typesupport_fastrtps_c/nmea_msgs/msg/detail/gphdt__type_support_c.cpp.o[0m
[3.060s] [ 81%] [32m[1mLinking C shared library libnmea_msgs__rosidl_typesupport_introspection_c.so[0m
[3.090s] [ 81%] Built target nmea_msgs__rosidl_typesupport_introspection_c
[3.107s] [ 81%] Built target nmea_msgs__rosidl_typesupport_fastrtps_cpp
[3.147s] [ 82%] [32m[1mLinking CXX shared library libnmea_msgs__rosidl_typesupport_fastrtps_c.so[0m
[3.202s] [ 82%] Built target nmea_msgs__rosidl_typesupport_fastrtps_c
[3.216s] [ 82%] Built target nmea_msgs
[3.230s] [ 83%] [34m[1mGenerating Python code for ROS interfaces[0m
[4.449s] [ 83%] Built target nmea_msgs__py
[4.464s] [ 85%] [32mBuilding C object CMakeFiles/nmea_msgs__rosidl_generator_py.dir/rosidl_generator_py/nmea_msgs/msg/_gpgga_s.c.o[0m
[4.464s] [ 85%] [32mBuilding C object CMakeFiles/nmea_msgs__rosidl_generator_py.dir/rosidl_generator_py/nmea_msgs/msg/_gpgsa_s.c.o[0m
[4.464s] [ 86%] [32mBuilding C object CMakeFiles/nmea_msgs__rosidl_generator_py.dir/rosidl_generator_py/nmea_msgs/msg/_gpgsv_satellite_s.c.o[0m
[4.464s] [ 87%] [32mBuilding C object CMakeFiles/nmea_msgs__rosidl_generator_py.dir/rosidl_generator_py/nmea_msgs/msg/_sentence_s.c.o[0m
[4.465s] [ 88%] [32mBuilding C object CMakeFiles/nmea_msgs__rosidl_generator_py.dir/rosidl_generator_py/nmea_msgs/msg/_gphdt_s.c.o[0m
[4.465s] [ 89%] [32mBuilding C object CMakeFiles/nmea_msgs__rosidl_generator_py.dir/rosidl_generator_py/nmea_msgs/msg/_gpgst_s.c.o[0m
[4.465s] [ 90%] [32mBuilding C object CMakeFiles/nmea_msgs__rosidl_generator_py.dir/rosidl_generator_py/nmea_msgs/msg/_gpgsv_s.c.o[0m
[4.466s] [ 91%] [32mBuilding C object CMakeFiles/nmea_msgs__rosidl_generator_py.dir/rosidl_generator_py/nmea_msgs/msg/_gprmc_s.c.o[0m
[4.466s] [ 92%] [32mBuilding C object CMakeFiles/nmea_msgs__rosidl_generator_py.dir/rosidl_generator_py/nmea_msgs/msg/_gpvtg_s.c.o[0m
[4.466s] [ 93%] [32mBuilding C object CMakeFiles/nmea_msgs__rosidl_generator_py.dir/rosidl_generator_py/nmea_msgs/msg/_gpzda_s.c.o[0m
[4.477s] [ 94%] [32m[1mLinking C shared library rosidl_generator_py/nmea_msgs/libnmea_msgs__rosidl_generator_py.so[0m
[4.509s] [ 94%] Built target nmea_msgs__rosidl_generator_py
[4.523s] [ 96%] [32mBuilding C object CMakeFiles/nmea_msgs__rosidl_typesupport_fastrtps_c__pyext.dir/rosidl_generator_py/nmea_msgs/_nmea_msgs_s.ep.rosidl_typesupport_fastrtps_c.c.o[0m
[4.523s] [ 96%] [32mBuilding C object CMakeFiles/nmea_msgs__rosidl_typesupport_c__pyext.dir/rosidl_generator_py/nmea_msgs/_nmea_msgs_s.ep.rosidl_typesupport_c.c.o[0m
[4.524s] [ 97%] [32mBuilding C object CMakeFiles/nmea_msgs__rosidl_typesupport_introspection_c__pyext.dir/rosidl_generator_py/nmea_msgs/_nmea_msgs_s.ep.rosidl_typesupport_introspection_c.c.o[0m
[4.534s] [100%] [32m[1mLinking C shared library rosidl_generator_py/nmea_msgs/nmea_msgs_s__rosidl_typesupport_c.cpython-310-x86_64-linux-gnu.so[0m
[4.534s] [100%] [32m[1mLinking C shared library rosidl_generator_py/nmea_msgs/nmea_msgs_s__rosidl_typesupport_introspection_c.cpython-310-x86_64-linux-gnu.so[0m
[4.534s] [100%] [32m[1mLinking C shared library rosidl_generator_py/nmea_msgs/nmea_msgs_s__rosidl_typesupport_fastrtps_c.cpython-310-x86_64-linux-gnu.so[0m
[4.565s] [100%] Built target nmea_msgs__rosidl_typesupport_c__pyext
[4.565s] [100%] Built target nmea_msgs__rosidl_typesupport_fastrtps_c__pyext
[4.565s] [100%] Built target nmea_msgs__rosidl_typesupport_introspection_c__pyext
[4.576s] Invoked command in '/home/udit/septentrio/build/nmea_msgs' returned '0': CMAKE_PREFIX_PATH=/opt/ros/humble /usr/bin/cmake --build /home/udit/septentrio/build/nmea_msgs -- -j16 -l16
[4.583s] Invoking command in '/home/udit/septentrio/build/nmea_msgs': CMAKE_PREFIX_PATH=/opt/ros/humble /usr/bin/cmake --install /home/udit/septentrio/build/nmea_msgs
[4.588s] -- Install configuration: ""
[4.588s] -- Installing: /home/udit/septentrio/install/nmea_msgs/share/ament_index/resource_index/rosidl_interfaces/nmea_msgs
[4.588s] -- Installing: /home/udit/septentrio/install/nmea_msgs/include/nmea_msgs/nmea_msgs
[4.588s] -- Installing: /home/udit/septentrio/install/nmea_msgs/include/nmea_msgs/nmea_msgs/msg
[4.588s] -- Installing: /home/udit/septentrio/install/nmea_msgs/include/nmea_msgs/nmea_msgs/msg/gpzda.h
[4.588s] -- Installing: /home/udit/septentrio/install/nmea_msgs/include/nmea_msgs/nmea_msgs/msg/detail
[4.588s] -- Installing: /home/udit/septentrio/install/nmea_msgs/include/nmea_msgs/nmea_msgs/msg/detail/gprmc__functions.c
[4.588s] -- Installing: /home/udit/septentrio/install/nmea_msgs/include/nmea_msgs/nmea_msgs/msg/detail/gpvtg__functions.c
[4.589s] -- Installing: /home/udit/septentrio/install/nmea_msgs/include/nmea_msgs/nmea_msgs/msg/detail/sentence__functions.h
[4.589s] -- Installing: /home/udit/septentrio/install/nmea_msgs/include/nmea_msgs/nmea_msgs/msg/detail/gpgst__functions.h
[4.589s] -- Installing: /home/udit/septentrio/install/nmea_msgs/include/nmea_msgs/nmea_msgs/msg/detail/gpgsa__struct.h
[4.589s] -- Installing: /home/udit/septentrio/install/nmea_msgs/include/nmea_msgs/nmea_msgs/msg/detail/gpgsv_satellite__struct.h
[4.589s] -- Installing: /home/udit/septentrio/install/nmea_msgs/include/nmea_msgs/nmea_msgs/msg/detail/gpgsa__type_support.h
[4.589s] -- Installing: /home/udit/septentrio/install/nmea_msgs/include/nmea_msgs/nmea_msgs/msg/detail/gpgga__struct.h
[4.589s] -- Installing: /home/udit/septentrio/install/nmea_msgs/include/nmea_msgs/nmea_msgs/msg/detail/gpgsv__struct.h
[4.589s] -- Installing: /home/udit/septentrio/install/nmea_msgs/include/nmea_msgs/nmea_msgs/msg/detail/gpgsv__functions.h
[4.589s] -- Installing: /home/udit/septentrio/install/nmea_msgs/include/nmea_msgs/nmea_msgs/msg/detail/sentence__type_support.h
[4.589s] -- Installing: /home/udit/septentrio/install/nmea_msgs/include/nmea_msgs/nmea_msgs/msg/detail/gpgsv_satellite__functions.h
[4.590s] -- Installing: /home/udit/septentrio/install/nmea_msgs/include/nmea_msgs/nmea_msgs/msg/detail/gphdt__type_support.h
[4.590s] -- Installing: /home/udit/septentrio/install/nmea_msgs/include/nmea_msgs/nmea_msgs/msg/detail/gpzda__type_support.h
[4.590s] -- Installing: /home/udit/septentrio/install/nmea_msgs/include/nmea_msgs/nmea_msgs/msg/detail/gpzda__struct.h
[4.590s] -- Installing: /home/udit/septentrio/install/nmea_msgs/include/nmea_msgs/nmea_msgs/msg/detail/gpgsv__functions.c
[4.590s] -- Installing: /home/udit/septentrio/install/nmea_msgs/include/nmea_msgs/nmea_msgs/msg/detail/gpgsv__type_support.h
[4.590s] -- Installing: /home/udit/septentrio/install/nmea_msgs/include/nmea_msgs/nmea_msgs/msg/detail/gprmc__type_support.h
[4.590s] -- Installing: /home/udit/septentrio/install/nmea_msgs/include/nmea_msgs/nmea_msgs/msg/detail/gpzda__functions.h
[4.590s] -- Installing: /home/udit/septentrio/install/nmea_msgs/include/nmea_msgs/nmea_msgs/msg/detail/gpgga__functions.c
[4.590s] -- Installing: /home/udit/septentrio/install/nmea_msgs/include/nmea_msgs/nmea_msgs/msg/detail/gpzda__functions.c
[4.590s] -- Installing: /home/udit/septentrio/install/nmea_msgs/include/nmea_msgs/nmea_msgs/msg/detail/gphdt__functions.c
[4.590s] -- Installing: /home/udit/septentrio/install/nmea_msgs/include/nmea_msgs/nmea_msgs/msg/detail/gpgst__functions.c
[4.591s] -- Installing: /home/udit/septentrio/install/nmea_msgs/include/nmea_msgs/nmea_msgs/msg/detail/gphdt__struct.h
[4.591s] -- Installing: /home/udit/septentrio/install/nmea_msgs/include/nmea_msgs/nmea_msgs/msg/detail/gpgsv_satellite__type_support.h
[4.591s] -- Installing: /home/udit/septentrio/install/nmea_msgs/include/nmea_msgs/nmea_msgs/msg/detail/gpgsa__functions.c
[4.591s] -- Installing: /home/udit/septentrio/install/nmea_msgs/include/nmea_msgs/nmea_msgs/msg/detail/sentence__struct.h
[4.591s] -- Installing: /home/udit/septentrio/install/nmea_msgs/include/nmea_msgs/nmea_msgs/msg/detail/gprmc__functions.h
[4.591s] -- Installing: /home/udit/septentrio/install/nmea_msgs/include/nmea_msgs/nmea_msgs/msg/detail/gpgga__functions.h
[4.591s] -- Installing: /home/udit/septentrio/install/nmea_msgs/include/nmea_msgs/nmea_msgs/msg/detail/gpvtg__type_support.h
[4.591s] -- Installing: /home/udit/septentrio/install/nmea_msgs/include/nmea_msgs/nmea_msgs/msg/detail/gphdt__functions.h
[4.591s] -- Installing: /home/udit/septentrio/install/nmea_msgs/include/nmea_msgs/nmea_msgs/msg/detail/gpgst__type_support.h
[4.591s] -- Installing: /home/udit/septentrio/install/nmea_msgs/include/nmea_msgs/nmea_msgs/msg/detail/gpgst__struct.h
[4.592s] -- Installing: /home/udit/septentrio/install/nmea_msgs/include/nmea_msgs/nmea_msgs/msg/detail/sentence__functions.c
[4.592s] -- Installing: /home/udit/septentrio/install/nmea_msgs/include/nmea_msgs/nmea_msgs/msg/detail/gpgsv_satellite__functions.c
[4.592s] -- Installing: /home/udit/septentrio/install/nmea_msgs/include/nmea_msgs/nmea_msgs/msg/detail/gpvtg__functions.h
[4.592s] -- Installing: /home/udit/septentrio/install/nmea_msgs/include/nmea_msgs/nmea_msgs/msg/detail/gpvtg__struct.h
[4.592s] -- Installing: /home/udit/septentrio/install/nmea_msgs/include/nmea_msgs/nmea_msgs/msg/detail/gprmc__struct.h
[4.592s] -- Installing: /home/udit/septentrio/install/nmea_msgs/include/nmea_msgs/nmea_msgs/msg/detail/gpgga__type_support.h
[4.592s] -- Installing: /home/udit/septentrio/install/nmea_msgs/include/nmea_msgs/nmea_msgs/msg/detail/gpgsa__functions.h
[4.592s] -- Installing: /home/udit/septentrio/install/nmea_msgs/include/nmea_msgs/nmea_msgs/msg/rosidl_generator_c__visibility_control.h
[4.592s] -- Installing: /home/udit/septentrio/install/nmea_msgs/include/nmea_msgs/nmea_msgs/msg/gpgsv_satellite.h
[4.592s] -- Installing: /home/udit/septentrio/install/nmea_msgs/include/nmea_msgs/nmea_msgs/msg/sentence.h
[4.593s] -- Installing: /home/udit/septentrio/install/nmea_msgs/include/nmea_msgs/nmea_msgs/msg/gpgsv.h
[4.593s] -- Installing: /home/udit/septentrio/install/nmea_msgs/include/nmea_msgs/nmea_msgs/msg/gprmc.h
[4.593s] -- Installing: /home/udit/septentrio/install/nmea_msgs/include/nmea_msgs/nmea_msgs/msg/gpgga.h
[4.593s] -- Installing: /home/udit/septentrio/install/nmea_msgs/include/nmea_msgs/nmea_msgs/msg/gpgsa.h
[4.593s] -- Installing: /home/udit/septentrio/install/nmea_msgs/include/nmea_msgs/nmea_msgs/msg/gphdt.h
[4.593s] -- Installing: /home/udit/septentrio/install/nmea_msgs/include/nmea_msgs/nmea_msgs/msg/gpvtg.h
[4.593s] -- Installing: /home/udit/septentrio/install/nmea_msgs/include/nmea_msgs/nmea_msgs/msg/gpgst.h
[4.593s] -- Installing: /home/udit/septentrio/install/nmea_msgs/share/nmea_msgs/environment/library_path.sh
[4.593s] -- Installing: /home/udit/septentrio/install/nmea_msgs/share/nmea_msgs/environment/library_path.dsv
[4.594s] -- Installing: /home/udit/septentrio/install/nmea_msgs/lib/libnmea_msgs__rosidl_generator_c.so
[4.594s] -- Set runtime path of "/home/udit/septentrio/install/nmea_msgs/lib/libnmea_msgs__rosidl_generator_c.so" to ""
[4.594s] -- Up-to-date: /home/udit/septentrio/install/nmea_msgs/include/nmea_msgs/nmea_msgs
[4.594s] -- Up-to-date: /home/udit/septentrio/install/nmea_msgs/include/nmea_msgs/nmea_msgs/msg
[4.594s] -- Up-to-date: /home/udit/septentrio/install/nmea_msgs/include/nmea_msgs/nmea_msgs/msg/detail
[4.594s] -- Installing: /home/udit/septentrio/install/nmea_msgs/include/nmea_msgs/nmea_msgs/msg/detail/sentence__rosidl_typesupport_fastrtps_c.h
[4.594s] -- Installing: /home/udit/septentrio/install/nmea_msgs/include/nmea_msgs/nmea_msgs/msg/detail/gpgsv__rosidl_typesupport_fastrtps_c.h
[4.594s] -- Installing: /home/udit/septentrio/install/nmea_msgs/include/nmea_msgs/nmea_msgs/msg/detail/gphdt__rosidl_typesupport_fastrtps_c.h
[4.594s] -- Installing: /home/udit/septentrio/install/nmea_msgs/include/nmea_msgs/nmea_msgs/msg/detail/gpgsv_satellite__rosidl_typesupport_fastrtps_c.h
[4.594s] -- Installing: /home/udit/septentrio/install/nmea_msgs/include/nmea_msgs/nmea_msgs/msg/detail/gpgst__rosidl_typesupport_fastrtps_c.h
[4.594s] -- Installing: /home/udit/septentrio/install/nmea_msgs/include/nmea_msgs/nmea_msgs/msg/detail/gpgsa__rosidl_typesupport_fastrtps_c.h
[4.595s] -- Installing: /home/udit/septentrio/install/nmea_msgs/include/nmea_msgs/nmea_msgs/msg/detail/gpvtg__rosidl_typesupport_fastrtps_c.h
[4.595s] -- Installing: /home/udit/septentrio/install/nmea_msgs/include/nmea_msgs/nmea_msgs/msg/detail/gpgga__rosidl_typesupport_fastrtps_c.h
[4.595s] -- Installing: /home/udit/septentrio/install/nmea_msgs/include/nmea_msgs/nmea_msgs/msg/detail/gpzda__rosidl_typesupport_fastrtps_c.h
[4.595s] -- Installing: /home/udit/septentrio/install/nmea_msgs/include/nmea_msgs/nmea_msgs/msg/detail/gprmc__rosidl_typesupport_fastrtps_c.h
[4.595s] -- Installing: /home/udit/septentrio/install/nmea_msgs/include/nmea_msgs/nmea_msgs/msg/rosidl_typesupport_fastrtps_c__visibility_control.h
[4.595s] -- Installing: /home/udit/septentrio/install/nmea_msgs/lib/libnmea_msgs__rosidl_typesupport_fastrtps_c.so
[4.595s] -- Set runtime path of "/home/udit/septentrio/install/nmea_msgs/lib/libnmea_msgs__rosidl_typesupport_fastrtps_c.so" to ""
[4.595s] -- Up-to-date: /home/udit/septentrio/install/nmea_msgs/include/nmea_msgs/nmea_msgs
[4.595s] -- Up-to-date: /home/udit/septentrio/install/nmea_msgs/include/nmea_msgs/nmea_msgs/msg
[4.596s] -- Installing: /home/udit/septentrio/install/nmea_msgs/include/nmea_msgs/nmea_msgs/msg/rosidl_typesupport_introspection_c__visibility_control.h
[4.596s] -- Up-to-date: /home/udit/septentrio/install/nmea_msgs/include/nmea_msgs/nmea_msgs/msg/detail
[4.596s] -- Installing: /home/udit/septentrio/install/nmea_msgs/include/nmea_msgs/nmea_msgs/msg/detail/gpgsv__rosidl_typesupport_introspection_c.h
[4.596s] -- Installing: /home/udit/septentrio/install/nmea_msgs/include/nmea_msgs/nmea_msgs/msg/detail/gpvtg__rosidl_typesupport_introspection_c.h
[4.596s] -- Installing: /home/udit/septentrio/install/nmea_msgs/include/nmea_msgs/nmea_msgs/msg/detail/gprmc__rosidl_typesupport_introspection_c.h
[4.596s] -- Installing: /home/udit/septentrio/install/nmea_msgs/include/nmea_msgs/nmea_msgs/msg/detail/gpgsa__type_support.c
[4.596s] -- Installing: /home/udit/septentrio/install/nmea_msgs/include/nmea_msgs/nmea_msgs/msg/detail/gpgsv_satellite__rosidl_typesupport_introspection_c.h
[4.596s] -- Installing: /home/udit/septentrio/install/nmea_msgs/include/nmea_msgs/nmea_msgs/msg/detail/gphdt__rosidl_typesupport_introspection_c.h
[4.596s] -- Installing: /home/udit/septentrio/install/nmea_msgs/include/nmea_msgs/nmea_msgs/msg/detail/gpgst__type_support.c
[4.596s] -- Installing: /home/udit/septentrio/install/nmea_msgs/include/nmea_msgs/nmea_msgs/msg/detail/gprmc__type_support.c
[4.596s] -- Installing: /home/udit/septentrio/install/nmea_msgs/include/nmea_msgs/nmea_msgs/msg/detail/gpgsv__type_support.c
[4.597s] -- Installing: /home/udit/septentrio/install/nmea_msgs/include/nmea_msgs/nmea_msgs/msg/detail/sentence__rosidl_typesupport_introspection_c.h
[4.597s] -- Installing: /home/udit/septentrio/install/nmea_msgs/include/nmea_msgs/nmea_msgs/msg/detail/gpgsv_satellite__type_support.c
[4.597s] -- Installing: /home/udit/septentrio/install/nmea_msgs/include/nmea_msgs/nmea_msgs/msg/detail/gpgst__rosidl_typesupport_introspection_c.h
[4.597s] -- Installing: /home/udit/septentrio/install/nmea_msgs/include/nmea_msgs/nmea_msgs/msg/detail/sentence__type_support.c
[4.597s] -- Installing: /home/udit/septentrio/install/nmea_msgs/include/nmea_msgs/nmea_msgs/msg/detail/gpvtg__type_support.c
[4.597s] -- Installing: /home/udit/septentrio/install/nmea_msgs/include/nmea_msgs/nmea_msgs/msg/detail/gpzda__type_support.c
[4.597s] -- Installing: /home/udit/septentrio/install/nmea_msgs/include/nmea_msgs/nmea_msgs/msg/detail/gpgga__type_support.c
[4.597s] -- Installing: /home/udit/septentrio/install/nmea_msgs/include/nmea_msgs/nmea_msgs/msg/detail/gphdt__type_support.c
[4.597s] -- Installing: /home/udit/septentrio/install/nmea_msgs/include/nmea_msgs/nmea_msgs/msg/detail/gpzda__rosidl_typesupport_introspection_c.h
[4.597s] -- Installing: /home/udit/septentrio/install/nmea_msgs/include/nmea_msgs/nmea_msgs/msg/detail/gpgga__rosidl_typesupport_introspection_c.h
[4.598s] -- Installing: /home/udit/septentrio/install/nmea_msgs/include/nmea_msgs/nmea_msgs/msg/detail/gpgsa__rosidl_typesupport_introspection_c.h
[4.598s] -- Installing: /home/udit/septentrio/install/nmea_msgs/lib/libnmea_msgs__rosidl_typesupport_introspection_c.so
[4.598s] -- Set runtime path of "/home/udit/septentrio/install/nmea_msgs/lib/libnmea_msgs__rosidl_typesupport_introspection_c.so" to ""
[4.598s] -- Installing: /home/udit/septentrio/install/nmea_msgs/lib/libnmea_msgs__rosidl_typesupport_c.so
[4.598s] -- Set runtime path of "/home/udit/septentrio/install/nmea_msgs/lib/libnmea_msgs__rosidl_typesupport_c.so" to ""
[4.598s] -- Up-to-date: /home/udit/septentrio/install/nmea_msgs/include/nmea_msgs/nmea_msgs
[4.598s] -- Up-to-date: /home/udit/septentrio/install/nmea_msgs/include/nmea_msgs/nmea_msgs/msg
[4.598s] -- Installing: /home/udit/septentrio/install/nmea_msgs/include/nmea_msgs/nmea_msgs/msg/rosidl_generator_cpp__visibility_control.hpp
[4.598s] -- Up-to-date: /home/udit/septentrio/install/nmea_msgs/include/nmea_msgs/nmea_msgs/msg/detail
[4.598s] -- Installing: /home/udit/septentrio/install/nmea_msgs/include/nmea_msgs/nmea_msgs/msg/detail/sentence__struct.hpp
[4.599s] -- Installing: /home/udit/septentrio/install/nmea_msgs/include/nmea_msgs/nmea_msgs/msg/detail/gprmc__struct.hpp
[4.599s] -- Installing: /home/udit/septentrio/install/nmea_msgs/include/nmea_msgs/nmea_msgs/msg/detail/gpzda__type_support.hpp
[4.599s] -- Installing: /home/udit/septentrio/install/nmea_msgs/include/nmea_msgs/nmea_msgs/msg/detail/sentence__type_support.hpp
[4.599s] -- Installing: /home/udit/septentrio/install/nmea_msgs/include/nmea_msgs/nmea_msgs/msg/detail/gpzda__traits.hpp
[4.599s] -- Installing: /home/udit/septentrio/install/nmea_msgs/include/nmea_msgs/nmea_msgs/msg/detail/gpgsa__struct.hpp
[4.599s] -- Installing: /home/udit/septentrio/install/nmea_msgs/include/nmea_msgs/nmea_msgs/msg/detail/gpgst__struct.hpp
[4.599s] -- Installing: /home/udit/septentrio/install/nmea_msgs/include/nmea_msgs/nmea_msgs/msg/detail/gprmc__builder.hpp
[4.599s] -- Installing: /home/udit/septentrio/install/nmea_msgs/include/nmea_msgs/nmea_msgs/msg/detail/gpgga__struct.hpp
[4.599s] -- Installing: /home/udit/septentrio/install/nmea_msgs/include/nmea_msgs/nmea_msgs/msg/detail/gpvtg__builder.hpp
[4.600s] -- Installing: /home/udit/septentrio/install/nmea_msgs/include/nmea_msgs/nmea_msgs/msg/detail/gpgsv__struct.hpp
[4.600s] -- Installing: /home/udit/septentrio/install/nmea_msgs/include/nmea_msgs/nmea_msgs/msg/detail/gpgsa__builder.hpp
[4.600s] -- Installing: /home/udit/septentrio/install/nmea_msgs/include/nmea_msgs/nmea_msgs/msg/detail/gpvtg__type_support.hpp
[4.600s] -- Installing: /home/udit/septentrio/install/nmea_msgs/include/nmea_msgs/nmea_msgs/msg/detail/gpgsv_satellite__builder.hpp
[4.600s] -- Installing: /home/udit/septentrio/install/nmea_msgs/include/nmea_msgs/nmea_msgs/msg/detail/gprmc__traits.hpp
[4.600s] -- Installing: /home/udit/septentrio/install/nmea_msgs/include/nmea_msgs/nmea_msgs/msg/detail/gpgsv_satellite__type_support.hpp
[4.600s] -- Installing: /home/udit/septentrio/install/nmea_msgs/include/nmea_msgs/nmea_msgs/msg/detail/gpgga__traits.hpp
[4.600s] -- Installing: /home/udit/septentrio/install/nmea_msgs/include/nmea_msgs/nmea_msgs/msg/detail/gpgga__builder.hpp
[4.600s] -- Installing: /home/udit/septentrio/install/nmea_msgs/include/nmea_msgs/nmea_msgs/msg/detail/gpzda__builder.hpp
[4.601s] -- Installing: /home/udit/septentrio/install/nmea_msgs/include/nmea_msgs/nmea_msgs/msg/detail/gpgsv__builder.hpp
[4.601s] -- Installing: /home/udit/septentrio/install/nmea_msgs/include/nmea_msgs/nmea_msgs/msg/detail/gphdt__traits.hpp
[4.601s] -- Installing: /home/udit/septentrio/install/nmea_msgs/include/nmea_msgs/nmea_msgs/msg/detail/gphdt__struct.hpp
[4.601s] -- Installing: /home/udit/septentrio/install/nmea_msgs/include/nmea_msgs/nmea_msgs/msg/detail/sentence__builder.hpp
[4.601s] -- Installing: /home/udit/septentrio/install/nmea_msgs/include/nmea_msgs/nmea_msgs/msg/detail/sentence__traits.hpp
[4.601s] -- Installing: /home/udit/septentrio/install/nmea_msgs/include/nmea_msgs/nmea_msgs/msg/detail/gpzda__struct.hpp
[4.601s] -- Installing: /home/udit/septentrio/install/nmea_msgs/include/nmea_msgs/nmea_msgs/msg/detail/gpgsv__traits.hpp
[4.601s] -- Installing: /home/udit/septentrio/install/nmea_msgs/include/nmea_msgs/nmea_msgs/msg/detail/gpgsa__traits.hpp
[4.601s] -- Installing: /home/udit/septentrio/install/nmea_msgs/include/nmea_msgs/nmea_msgs/msg/detail/gpvtg__struct.hpp
[4.601s] -- Installing: /home/udit/septentrio/install/nmea_msgs/include/nmea_msgs/nmea_msgs/msg/detail/gpgsv_satellite__traits.hpp
[4.602s] -- Installing: /home/udit/septentrio/install/nmea_msgs/include/nmea_msgs/nmea_msgs/msg/detail/gpgst__type_support.hpp
[4.602s] -- Installing: /home/udit/septentrio/install/nmea_msgs/include/nmea_msgs/nmea_msgs/msg/detail/gphdt__builder.hpp
[4.602s] -- Installing: /home/udit/septentrio/install/nmea_msgs/include/nmea_msgs/nmea_msgs/msg/detail/gpvtg__traits.hpp
[4.602s] -- Installing: /home/udit/septentrio/install/nmea_msgs/include/nmea_msgs/nmea_msgs/msg/detail/gpgsa__type_support.hpp
[4.602s] -- Installing: /home/udit/septentrio/install/nmea_msgs/include/nmea_msgs/nmea_msgs/msg/detail/gpgga__type_support.hpp
[4.602s] -- Installing: /home/udit/septentrio/install/nmea_msgs/include/nmea_msgs/nmea_msgs/msg/detail/gpgst__traits.hpp
[4.602s] -- Installing: /home/udit/septentrio/install/nmea_msgs/include/nmea_msgs/nmea_msgs/msg/detail/gpgst__builder.hpp
[4.602s] -- Installing: /home/udit/septentrio/install/nmea_msgs/include/nmea_msgs/nmea_msgs/msg/detail/gpgsv__type_support.hpp
[4.602s] -- Installing: /home/udit/septentrio/install/nmea_msgs/include/nmea_msgs/nmea_msgs/msg/detail/gphdt__type_support.hpp
[4.603s] -- Installing: /home/udit/septentrio/install/nmea_msgs/include/nmea_msgs/nmea_msgs/msg/detail/gprmc__type_support.hpp
[4.603s] -- Installing: /home/udit/septentrio/install/nmea_msgs/include/nmea_msgs/nmea_msgs/msg/detail/gpgsv_satellite__struct.hpp
[4.603s] -- Installing: /home/udit/septentrio/install/nmea_msgs/include/nmea_msgs/nmea_msgs/msg/gpzda.hpp
[4.603s] -- Installing: /home/udit/septentrio/install/nmea_msgs/include/nmea_msgs/nmea_msgs/msg/gpgsv.hpp
[4.603s] -- Installing: /home/udit/septentrio/install/nmea_msgs/include/nmea_msgs/nmea_msgs/msg/gphdt.hpp
[4.603s] -- Installing: /home/udit/septentrio/install/nmea_msgs/include/nmea_msgs/nmea_msgs/msg/gpvtg.hpp
[4.603s] -- Installing: /home/udit/septentrio/install/nmea_msgs/include/nmea_msgs/nmea_msgs/msg/gpgsv_satellite.hpp
[4.603s] -- Installing: /home/udit/septentrio/install/nmea_msgs/include/nmea_msgs/nmea_msgs/msg/gpgst.hpp
[4.603s] -- Installing: /home/udit/septentrio/install/nmea_msgs/include/nmea_msgs/nmea_msgs/msg/gpgga.hpp
[4.603s] -- Installing: /home/udit/septentrio/install/nmea_msgs/include/nmea_msgs/nmea_msgs/msg/sentence.hpp
[4.603s] -- Installing: /home/udit/septentrio/install/nmea_msgs/include/nmea_msgs/nmea_msgs/msg/gprmc.hpp
[4.604s] -- Installing: /home/udit/septentrio/install/nmea_msgs/include/nmea_msgs/nmea_msgs/msg/gpgsa.hpp
[4.604s] -- Up-to-date: /home/udit/septentrio/install/nmea_msgs/include/nmea_msgs/nmea_msgs
[4.604s] -- Up-to-date: /home/udit/septentrio/install/nmea_msgs/include/nmea_msgs/nmea_msgs/msg
[4.604s] -- Up-to-date: /home/udit/septentrio/install/nmea_msgs/include/nmea_msgs/nmea_msgs/msg/detail
[4.604s] -- Installing: /home/udit/septentrio/install/nmea_msgs/include/nmea_msgs/nmea_msgs/msg/detail/gpgsv_satellite__rosidl_typesupport_fastrtps_cpp.hpp
[4.604s] -- Installing: /home/udit/septentrio/install/nmea_msgs/include/nmea_msgs/nmea_msgs/msg/detail/dds_fastrtps
[4.604s] -- Installing: /home/udit/septentrio/install/nmea_msgs/include/nmea_msgs/nmea_msgs/msg/detail/sentence__rosidl_typesupport_fastrtps_cpp.hpp
[4.604s] -- Installing: /home/udit/septentrio/install/nmea_msgs/include/nmea_msgs/nmea_msgs/msg/detail/gpgsa__rosidl_typesupport_fastrtps_cpp.hpp
[4.604s] -- Installing: /home/udit/septentrio/install/nmea_msgs/include/nmea_msgs/nmea_msgs/msg/detail/gpgsv__rosidl_typesupport_fastrtps_cpp.hpp
[4.604s] -- Installing: /home/udit/septentrio/install/nmea_msgs/include/nmea_msgs/nmea_msgs/msg/detail/gpzda__rosidl_typesupport_fastrtps_cpp.hpp
[4.604s] -- Installing: /home/udit/septentrio/install/nmea_msgs/include/nmea_msgs/nmea_msgs/msg/detail/gpgst__rosidl_typesupport_fastrtps_cpp.hpp
[4.605s] -- Installing: /home/udit/septentrio/install/nmea_msgs/include/nmea_msgs/nmea_msgs/msg/detail/gphdt__rosidl_typesupport_fastrtps_cpp.hpp
[4.605s] -- Installing: /home/udit/septentrio/install/nmea_msgs/include/nmea_msgs/nmea_msgs/msg/detail/gpvtg__rosidl_typesupport_fastrtps_cpp.hpp
[4.605s] -- Installing: /home/udit/septentrio/install/nmea_msgs/include/nmea_msgs/nmea_msgs/msg/detail/gprmc__rosidl_typesupport_fastrtps_cpp.hpp
[4.605s] -- Installing: /home/udit/septentrio/install/nmea_msgs/include/nmea_msgs/nmea_msgs/msg/detail/gpgga__rosidl_typesupport_fastrtps_cpp.hpp
[4.605s] -- Installing: /home/udit/septentrio/install/nmea_msgs/include/nmea_msgs/nmea_msgs/msg/rosidl_typesupport_fastrtps_cpp__visibility_control.h
[4.605s] -- Installing: /home/udit/septentrio/install/nmea_msgs/lib/libnmea_msgs__rosidl_typesupport_fastrtps_cpp.so
[4.605s] -- Set runtime path of "/home/udit/septentrio/install/nmea_msgs/lib/libnmea_msgs__rosidl_typesupport_fastrtps_cpp.so" to ""
[4.605s] -- Up-to-date: /home/udit/septentrio/install/nmea_msgs/include/nmea_msgs/nmea_msgs
[4.606s] -- Up-to-date: /home/udit/septentrio/install/nmea_msgs/include/nmea_msgs/nmea_msgs/msg
[4.606s] -- Up-to-date: /home/udit/septentrio/install/nmea_msgs/include/nmea_msgs/nmea_msgs/msg/detail
[4.606s] -- Installing: /home/udit/septentrio/install/nmea_msgs/include/nmea_msgs/nmea_msgs/msg/detail/gphdt__type_support.cpp
[4.606s] -- Installing: /home/udit/septentrio/install/nmea_msgs/include/nmea_msgs/nmea_msgs/msg/detail/gpgsv__type_support.cpp
[4.606s] -- Installing: /home/udit/septentrio/install/nmea_msgs/include/nmea_msgs/nmea_msgs/msg/detail/gprmc__type_support.cpp
[4.606s] -- Installing: /home/udit/septentrio/install/nmea_msgs/include/nmea_msgs/nmea_msgs/msg/detail/gphdt__rosidl_typesupport_introspection_cpp.hpp
[4.606s] -- Installing: /home/udit/septentrio/install/nmea_msgs/include/nmea_msgs/nmea_msgs/msg/detail/gpgst__rosidl_typesupport_introspection_cpp.hpp
[4.606s] -- Installing: /home/udit/septentrio/install/nmea_msgs/include/nmea_msgs/nmea_msgs/msg/detail/sentence__type_support.cpp
[4.606s] -- Installing: /home/udit/septentrio/install/nmea_msgs/include/nmea_msgs/nmea_msgs/msg/detail/gpgsa__type_support.cpp
[4.606s] -- Installing: /home/udit/septentrio/install/nmea_msgs/include/nmea_msgs/nmea_msgs/msg/detail/gpzda__rosidl_typesupport_introspection_cpp.hpp
[4.606s] -- Installing: /home/udit/septentrio/install/nmea_msgs/include/nmea_msgs/nmea_msgs/msg/detail/gpgst__type_support.cpp
[4.607s] -- Installing: /home/udit/septentrio/install/nmea_msgs/include/nmea_msgs/nmea_msgs/msg/detail/gpgsv__rosidl_typesupport_introspection_cpp.hpp
[4.607s] -- Installing: /home/udit/septentrio/install/nmea_msgs/include/nmea_msgs/nmea_msgs/msg/detail/sentence__rosidl_typesupport_introspection_cpp.hpp
[4.607s] -- Installing: /home/udit/septentrio/install/nmea_msgs/include/nmea_msgs/nmea_msgs/msg/detail/gpgga__type_support.cpp
[4.607s] -- Installing: /home/udit/septentrio/install/nmea_msgs/include/nmea_msgs/nmea_msgs/msg/detail/gpgga__rosidl_typesupport_introspection_cpp.hpp
[4.607s] -- Installing: /home/udit/septentrio/install/nmea_msgs/include/nmea_msgs/nmea_msgs/msg/detail/gpgsv_satellite__type_support.cpp
[4.607s] -- Installing: /home/udit/septentrio/install/nmea_msgs/include/nmea_msgs/nmea_msgs/msg/detail/gpgsv_satellite__rosidl_typesupport_introspection_cpp.hpp
[4.607s] -- Installing: /home/udit/septentrio/install/nmea_msgs/include/nmea_msgs/nmea_msgs/msg/detail/gpgsa__rosidl_typesupport_introspection_cpp.hpp
[4.607s] -- Installing: /home/udit/septentrio/install/nmea_msgs/include/nmea_msgs/nmea_msgs/msg/detail/gpvtg__rosidl_typesupport_introspection_cpp.hpp
[4.607s] -- Installing: /home/udit/septentrio/install/nmea_msgs/include/nmea_msgs/nmea_msgs/msg/detail/gpvtg__type_support.cpp
[4.607s] -- Installing: /home/udit/septentrio/install/nmea_msgs/include/nmea_msgs/nmea_msgs/msg/detail/gprmc__rosidl_typesupport_introspection_cpp.hpp
[4.608s] -- Installing: /home/udit/septentrio/install/nmea_msgs/include/nmea_msgs/nmea_msgs/msg/detail/gpzda__type_support.cpp
[4.608s] -- Installing: /home/udit/septentrio/install/nmea_msgs/lib/libnmea_msgs__rosidl_typesupport_introspection_cpp.so
[4.608s] -- Set runtime path of "/home/udit/septentrio/install/nmea_msgs/lib/libnmea_msgs__rosidl_typesupport_introspection_cpp.so" to ""
[4.608s] -- Installing: /home/udit/septentrio/install/nmea_msgs/lib/libnmea_msgs__rosidl_typesupport_cpp.so
[4.608s] -- Set runtime path of "/home/udit/septentrio/install/nmea_msgs/lib/libnmea_msgs__rosidl_typesupport_cpp.so" to ""
[4.609s] -- Installing: /home/udit/septentrio/install/nmea_msgs/share/nmea_msgs/environment/pythonpath.sh
[4.609s] -- Installing: /home/udit/septentrio/install/nmea_msgs/share/nmea_msgs/environment/pythonpath.dsv
[4.609s] -- Installing: /home/udit/septentrio/install/nmea_msgs/local/lib/python3.10/dist-packages/nmea_msgs-2.1.0-py3.10.egg-info
[4.609s] -- Installing: /home/udit/septentrio/install/nmea_msgs/local/lib/python3.10/dist-packages/nmea_msgs-2.1.0-py3.10.egg-info/PKG-INFO
[4.609s] -- Installing: /home/udit/septentrio/install/nmea_msgs/local/lib/python3.10/dist-packages/nmea_msgs-2.1.0-py3.10.egg-info/dependency_links.txt
[4.609s] -- Installing: /home/udit/septentrio/install/nmea_msgs/local/lib/python3.10/dist-packages/nmea_msgs-2.1.0-py3.10.egg-info/top_level.txt
[4.609s] -- Installing: /home/udit/septentrio/install/nmea_msgs/local/lib/python3.10/dist-packages/nmea_msgs-2.1.0-py3.10.egg-info/SOURCES.txt
[4.609s] -- Installing: /home/udit/septentrio/install/nmea_msgs/local/lib/python3.10/dist-packages/nmea_msgs
[4.609s] -- Installing: /home/udit/septentrio/install/nmea_msgs/local/lib/python3.10/dist-packages/nmea_msgs/_nmea_msgs_s.ep.rosidl_typesupport_c.c
[4.609s] -- Installing: /home/udit/septentrio/install/nmea_msgs/local/lib/python3.10/dist-packages/nmea_msgs/nmea_msgs_s__rosidl_typesupport_fastrtps_c.cpython-310-x86_64-linux-gnu.so
[4.610s] -- Installing: /home/udit/septentrio/install/nmea_msgs/local/lib/python3.10/dist-packages/nmea_msgs/nmea_msgs_s__rosidl_typesupport_c.cpython-310-x86_64-linux-gnu.so
[4.610s] -- Installing: /home/udit/septentrio/install/nmea_msgs/local/lib/python3.10/dist-packages/nmea_msgs/libnmea_msgs__rosidl_generator_py.so
[4.610s] -- Installing: /home/udit/septentrio/install/nmea_msgs/local/lib/python3.10/dist-packages/nmea_msgs/_nmea_msgs_s.ep.rosidl_typesupport_introspection_c.c
[4.610s] -- Installing: /home/udit/septentrio/install/nmea_msgs/local/lib/python3.10/dist-packages/nmea_msgs/__init__.py
[4.610s] -- Installing: /home/udit/septentrio/install/nmea_msgs/local/lib/python3.10/dist-packages/nmea_msgs/_nmea_msgs_s.ep.rosidl_typesupport_fastrtps_c.c
[4.610s] -- Installing: /home/udit/septentrio/install/nmea_msgs/local/lib/python3.10/dist-packages/nmea_msgs/nmea_msgs_s__rosidl_typesupport_introspection_c.cpython-310-x86_64-linux-gnu.so
[4.610s] -- Installing: /home/udit/septentrio/install/nmea_msgs/local/lib/python3.10/dist-packages/nmea_msgs/msg
[4.610s] -- Installing: /home/udit/septentrio/install/nmea_msgs/local/lib/python3.10/dist-packages/nmea_msgs/msg/_gprmc.py
[4.611s] -- Installing: /home/udit/septentrio/install/nmea_msgs/local/lib/python3.10/dist-packages/nmea_msgs/msg/_sentence.py
[4.611s] -- Installing: /home/udit/septentrio/install/nmea_msgs/local/lib/python3.10/dist-packages/nmea_msgs/msg/_gpgsv_satellite.py
[4.611s] -- Installing: /home/udit/septentrio/install/nmea_msgs/local/lib/python3.10/dist-packages/nmea_msgs/msg/_gpvtg_s.c
[4.611s] -- Installing: /home/udit/septentrio/install/nmea_msgs/local/lib/python3.10/dist-packages/nmea_msgs/msg/_gpgsa_s.c
[4.611s] -- Installing: /home/udit/septentrio/install/nmea_msgs/local/lib/python3.10/dist-packages/nmea_msgs/msg/_gpgst.py
[4.611s] -- Installing: /home/udit/septentrio/install/nmea_msgs/local/lib/python3.10/dist-packages/nmea_msgs/msg/_gpgsv_s.c
[4.611s] -- Installing: /home/udit/septentrio/install/nmea_msgs/local/lib/python3.10/dist-packages/nmea_msgs/msg/_gphdt_s.c
[4.611s] -- Installing: /home/udit/septentrio/install/nmea_msgs/local/lib/python3.10/dist-packages/nmea_msgs/msg/_gpgga.py
[4.611s] -- Installing: /home/udit/septentrio/install/nmea_msgs/local/lib/python3.10/dist-packages/nmea_msgs/msg/_gpgsa.py
[4.611s] -- Installing: /home/udit/septentrio/install/nmea_msgs/local/lib/python3.10/dist-packages/nmea_msgs/msg/_gpzda_s.c
[4.612s] -- Installing: /home/udit/septentrio/install/nmea_msgs/local/lib/python3.10/dist-packages/nmea_msgs/msg/__init__.py
[4.612s] -- Installing: /home/udit/septentrio/install/nmea_msgs/local/lib/python3.10/dist-packages/nmea_msgs/msg/_gpgga_s.c
[4.612s] -- Installing: /home/udit/septentrio/install/nmea_msgs/local/lib/python3.10/dist-packages/nmea_msgs/msg/_gpzda.py
[4.612s] -- Installing: /home/udit/septentrio/install/nmea_msgs/local/lib/python3.10/dist-packages/nmea_msgs/msg/_sentence_s.c
[4.612s] -- Installing: /home/udit/septentrio/install/nmea_msgs/local/lib/python3.10/dist-packages/nmea_msgs/msg/_gprmc_s.c
[4.612s] -- Installing: /home/udit/septentrio/install/nmea_msgs/local/lib/python3.10/dist-packages/nmea_msgs/msg/_gpvtg.py
[4.612s] -- Installing: /home/udit/septentrio/install/nmea_msgs/local/lib/python3.10/dist-packages/nmea_msgs/msg/_gpgsv.py
[4.612s] -- Installing: /home/udit/septentrio/install/nmea_msgs/local/lib/python3.10/dist-packages/nmea_msgs/msg/_gpgst_s.c
[4.612s] -- Installing: /home/udit/septentrio/install/nmea_msgs/local/lib/python3.10/dist-packages/nmea_msgs/msg/_gpgsv_satellite_s.c
[4.612s] -- Installing: /home/udit/septentrio/install/nmea_msgs/local/lib/python3.10/dist-packages/nmea_msgs/msg/_gphdt.py
[4.645s] Listing '/home/udit/septentrio/install/nmea_msgs/local/lib/python3.10/dist-packages/nmea_msgs'...
[4.645s] Compiling '/home/udit/septentrio/install/nmea_msgs/local/lib/python3.10/dist-packages/nmea_msgs/__init__.py'...
[4.645s] Listing '/home/udit/septentrio/install/nmea_msgs/local/lib/python3.10/dist-packages/nmea_msgs/msg'...
[4.645s] Compiling '/home/udit/septentrio/install/nmea_msgs/local/lib/python3.10/dist-packages/nmea_msgs/msg/__init__.py'...
[4.645s] Compiling '/home/udit/septentrio/install/nmea_msgs/local/lib/python3.10/dist-packages/nmea_msgs/msg/_gpgga.py'...
[4.645s] Compiling '/home/udit/septentrio/install/nmea_msgs/local/lib/python3.10/dist-packages/nmea_msgs/msg/_gpgsa.py'...
[4.645s] Compiling '/home/udit/septentrio/install/nmea_msgs/local/lib/python3.10/dist-packages/nmea_msgs/msg/_gpgst.py'...
[4.645s] Compiling '/home/udit/septentrio/install/nmea_msgs/local/lib/python3.10/dist-packages/nmea_msgs/msg/_gpgsv.py'...
[4.646s] Compiling '/home/udit/septentrio/install/nmea_msgs/local/lib/python3.10/dist-packages/nmea_msgs/msg/_gpgsv_satellite.py'...
[4.646s] Compiling '/home/udit/septentrio/install/nmea_msgs/local/lib/python3.10/dist-packages/nmea_msgs/msg/_gphdt.py'...
[4.646s] Compiling '/home/udit/septentrio/install/nmea_msgs/local/lib/python3.10/dist-packages/nmea_msgs/msg/_gprmc.py'...
[4.646s] Compiling '/home/udit/septentrio/install/nmea_msgs/local/lib/python3.10/dist-packages/nmea_msgs/msg/_gpvtg.py'...
[4.646s] Compiling '/home/udit/septentrio/install/nmea_msgs/local/lib/python3.10/dist-packages/nmea_msgs/msg/_gpzda.py'...
[4.646s] Compiling '/home/udit/septentrio/install/nmea_msgs/local/lib/python3.10/dist-packages/nmea_msgs/msg/_sentence.py'...
[4.649s] -- Installing: /home/udit/septentrio/install/nmea_msgs/local/lib/python3.10/dist-packages/nmea_msgs/nmea_msgs_s__rosidl_typesupport_fastrtps_c.cpython-310-x86_64-linux-gnu.so
[4.649s] -- Set runtime path of "/home/udit/septentrio/install/nmea_msgs/local/lib/python3.10/dist-packages/nmea_msgs/nmea_msgs_s__rosidl_typesupport_fastrtps_c.cpython-310-x86_64-linux-gnu.so" to ""
[4.649s] -- Installing: /home/udit/septentrio/install/nmea_msgs/local/lib/python3.10/dist-packages/nmea_msgs/nmea_msgs_s__rosidl_typesupport_introspection_c.cpython-310-x86_64-linux-gnu.so
[4.649s] -- Set runtime path of "/home/udit/septentrio/install/nmea_msgs/local/lib/python3.10/dist-packages/nmea_msgs/nmea_msgs_s__rosidl_typesupport_introspection_c.cpython-310-x86_64-linux-gnu.so" to ""
[4.650s] -- Installing: /home/udit/septentrio/install/nmea_msgs/local/lib/python3.10/dist-packages/nmea_msgs/nmea_msgs_s__rosidl_typesupport_c.cpython-310-x86_64-linux-gnu.so
[4.650s] -- Set runtime path of "/home/udit/septentrio/install/nmea_msgs/local/lib/python3.10/dist-packages/nmea_msgs/nmea_msgs_s__rosidl_typesupport_c.cpython-310-x86_64-linux-gnu.so" to ""
[4.650s] -- Installing: /home/udit/septentrio/install/nmea_msgs/lib/libnmea_msgs__rosidl_generator_py.so
[4.650s] -- Set runtime path of "/home/udit/septentrio/install/nmea_msgs/lib/libnmea_msgs__rosidl_generator_py.so" to ""
[4.650s] -- Installing: /home/udit/septentrio/install/nmea_msgs/share/nmea_msgs/msg/Sentence.idl
[4.650s] -- Installing: /home/udit/septentrio/install/nmea_msgs/share/nmea_msgs/msg/Gpgga.idl
[4.650s] -- Installing: /home/udit/septentrio/install/nmea_msgs/share/nmea_msgs/msg/Gpgsa.idl
[4.651s] -- Installing: /home/udit/septentrio/install/nmea_msgs/share/nmea_msgs/msg/Gpgst.idl
[4.651s] -- Installing: /home/udit/septentrio/install/nmea_msgs/share/nmea_msgs/msg/Gpgsv.idl
[4.651s] -- Installing: /home/udit/septentrio/install/nmea_msgs/share/nmea_msgs/msg/GpgsvSatellite.idl
[4.651s] -- Installing: /home/udit/septentrio/install/nmea_msgs/share/nmea_msgs/msg/Gprmc.idl
[4.651s] -- Installing: /home/udit/septentrio/install/nmea_msgs/share/nmea_msgs/msg/Gpvtg.idl
[4.651s] -- Installing: /home/udit/septentrio/install/nmea_msgs/share/nmea_msgs/msg/Gpzda.idl
[4.651s] -- Installing: /home/udit/septentrio/install/nmea_msgs/share/nmea_msgs/msg/Gphdt.idl
[4.651s] -- Installing: /home/udit/septentrio/install/nmea_msgs/share/nmea_msgs/msg/Sentence.msg
[4.651s] -- Installing: /home/udit/septentrio/install/nmea_msgs/share/nmea_msgs/msg/Gpgga.msg
[4.652s] -- Installing: /home/udit/septentrio/install/nmea_msgs/share/nmea_msgs/msg/Gpgsa.msg
[4.652s] -- Installing: /home/udit/septentrio/install/nmea_msgs/share/nmea_msgs/msg/Gpgst.msg
[4.652s] -- Installing: /home/udit/septentrio/install/nmea_msgs/share/nmea_msgs/msg/Gpgsv.msg
[4.652s] -- Installing: /home/udit/septentrio/install/nmea_msgs/share/nmea_msgs/msg/GpgsvSatellite.msg
[4.652s] -- Installing: /home/udit/septentrio/install/nmea_msgs/share/nmea_msgs/msg/Gprmc.msg
[4.652s] -- Installing: /home/udit/septentrio/install/nmea_msgs/share/nmea_msgs/msg/Gpvtg.msg
[4.652s] -- Installing: /home/udit/septentrio/install/nmea_msgs/share/nmea_msgs/msg/Gpzda.msg
[4.652s] -- Installing: /home/udit/septentrio/install/nmea_msgs/share/nmea_msgs/msg/Gphdt.msg
[4.653s] -- Installing: /home/udit/septentrio/install/nmea_msgs/share/ament_index/resource_index/package_run_dependencies/nmea_msgs
[4.653s] -- Installing: /home/udit/septentrio/install/nmea_msgs/share/ament_index/resource_index/parent_prefix_path/nmea_msgs
[4.653s] -- Installing: /home/udit/septentrio/install/nmea_msgs/share/nmea_msgs/environment/ament_prefix_path.sh
[4.653s] -- Installing: /home/udit/septentrio/install/nmea_msgs/share/nmea_msgs/environment/ament_prefix_path.dsv
[4.653s] -- Installing: /home/udit/septentrio/install/nmea_msgs/share/nmea_msgs/environment/path.sh
[4.653s] -- Installing: /home/udit/septentrio/install/nmea_msgs/share/nmea_msgs/environment/path.dsv
[4.653s] -- Installing: /home/udit/septentrio/install/nmea_msgs/share/nmea_msgs/local_setup.bash
[4.653s] -- Installing: /home/udit/septentrio/install/nmea_msgs/share/nmea_msgs/local_setup.sh
[4.653s] -- Installing: /home/udit/septentrio/install/nmea_msgs/share/nmea_msgs/local_setup.zsh
[4.654s] -- Installing: /home/udit/septentrio/install/nmea_msgs/share/nmea_msgs/local_setup.dsv
[4.654s] -- Installing: /home/udit/septentrio/install/nmea_msgs/share/nmea_msgs/package.dsv
[4.654s] -- Installing: /home/udit/septentrio/install/nmea_msgs/share/ament_index/resource_index/packages/nmea_msgs
[4.654s] -- Installing: /home/udit/septentrio/install/nmea_msgs/share/nmea_msgs/cmake/export_nmea_msgs__rosidl_generator_cExport.cmake
[4.654s] -- Installing: /home/udit/septentrio/install/nmea_msgs/share/nmea_msgs/cmake/export_nmea_msgs__rosidl_generator_cExport-noconfig.cmake
[4.654s] -- Installing: /home/udit/septentrio/install/nmea_msgs/share/nmea_msgs/cmake/export_nmea_msgs__rosidl_typesupport_fastrtps_cExport.cmake
[4.654s] -- Installing: /home/udit/septentrio/install/nmea_msgs/share/nmea_msgs/cmake/export_nmea_msgs__rosidl_typesupport_fastrtps_cExport-noconfig.cmake
[4.655s] -- Installing: /home/udit/septentrio/install/nmea_msgs/share/nmea_msgs/cmake/nmea_msgs__rosidl_typesupport_introspection_cExport.cmake
[4.655s] -- Installing: /home/udit/septentrio/install/nmea_msgs/share/nmea_msgs/cmake/nmea_msgs__rosidl_typesupport_introspection_cExport-noconfig.cmake
[4.655s] -- Installing: /home/udit/septentrio/install/nmea_msgs/share/nmea_msgs/cmake/nmea_msgs__rosidl_typesupport_cExport.cmake
[4.655s] -- Installing: /home/udit/septentrio/install/nmea_msgs/share/nmea_msgs/cmake/nmea_msgs__rosidl_typesupport_cExport-noconfig.cmake
[4.655s] -- Installing: /home/udit/septentrio/install/nmea_msgs/share/nmea_msgs/cmake/export_nmea_msgs__rosidl_generator_cppExport.cmake
[4.655s] -- Installing: /home/udit/septentrio/install/nmea_msgs/share/nmea_msgs/cmake/export_nmea_msgs__rosidl_typesupport_fastrtps_cppExport.cmake
[4.655s] -- Installing: /home/udit/septentrio/install/nmea_msgs/share/nmea_msgs/cmake/export_nmea_msgs__rosidl_typesupport_fastrtps_cppExport-noconfig.cmake
[4.655s] -- Installing: /home/udit/septentrio/install/nmea_msgs/share/nmea_msgs/cmake/nmea_msgs__rosidl_typesupport_introspection_cppExport.cmake
[4.655s] -- Installing: /home/udit/septentrio/install/nmea_msgs/share/nmea_msgs/cmake/nmea_msgs__rosidl_typesupport_introspection_cppExport-noconfig.cmake
[4.656s] -- Installing: /home/udit/septentrio/install/nmea_msgs/share/nmea_msgs/cmake/nmea_msgs__rosidl_typesupport_cppExport.cmake
[4.656s] -- Installing: /home/udit/septentrio/install/nmea_msgs/share/nmea_msgs/cmake/nmea_msgs__rosidl_typesupport_cppExport-noconfig.cmake
[4.656s] -- Installing: /home/udit/septentrio/install/nmea_msgs/share/nmea_msgs/cmake/export_nmea_msgs__rosidl_generator_pyExport.cmake
[4.656s] -- Installing: /home/udit/septentrio/install/nmea_msgs/share/nmea_msgs/cmake/export_nmea_msgs__rosidl_generator_pyExport-noconfig.cmake
[4.656s] -- Installing: /home/udit/septentrio/install/nmea_msgs/share/nmea_msgs/cmake/rosidl_cmake-extras.cmake
[4.656s] -- Installing: /home/udit/septentrio/install/nmea_msgs/share/nmea_msgs/cmake/ament_cmake_export_dependencies-extras.cmake
[4.656s] -- Installing: /home/udit/septentrio/install/nmea_msgs/share/nmea_msgs/cmake/ament_cmake_export_include_directories-extras.cmake
[4.656s] -- Installing: /home/udit/septentrio/install/nmea_msgs/share/nmea_msgs/cmake/ament_cmake_export_libraries-extras.cmake
[4.657s] -- Installing: /home/udit/septentrio/install/nmea_msgs/share/nmea_msgs/cmake/ament_cmake_export_targets-extras.cmake
[4.657s] -- Installing: /home/udit/septentrio/install/nmea_msgs/share/nmea_msgs/cmake/rosidl_cmake_export_typesupport_targets-extras.cmake
[4.657s] -- Installing: /home/udit/septentrio/install/nmea_msgs/share/nmea_msgs/cmake/rosidl_cmake_export_typesupport_libraries-extras.cmake
[4.657s] -- Installing: /home/udit/septentrio/install/nmea_msgs/share/nmea_msgs/cmake/nmea_msgsConfig.cmake
[4.657s] -- Installing: /home/udit/septentrio/install/nmea_msgs/share/nmea_msgs/cmake/nmea_msgsConfig-version.cmake
[4.657s] -- Installing: /home/udit/septentrio/install/nmea_msgs/share/nmea_msgs/package.xml
[4.660s] Invoked command in '/home/udit/septentrio/build/nmea_msgs' returned '0': CMAKE_PREFIX_PATH=/opt/ros/humble /usr/bin/cmake --install /home/udit/septentrio/build/nmea_msgs
