[0.007s] Invoking command in '/home/udit/septentrio/build/nmea_msgs': CMAKE_PREFIX_PATH=/opt/ros/humble /usr/bin/cmake --build /home/udit/septentrio/build/nmea_msgs -- -j16 -l16
[0.039s] [35m[1mConsolidate compiler generated dependencies of target nmea_msgs__rosidl_generator_c[0m
[0.046s] [  0%] Built target nmea_msgs__cpp
[0.048s] [ 12%] Built target nmea_msgs__rosidl_generator_c
[0.053s] [ 12%] Built target ament_cmake_python_copy_nmea_msgs
[0.054s] [35m[1mConsolidate compiler generated dependencies of target nmea_msgs__rosidl_typesupport_cpp[0m
[0.055s] [35m[1mConsolidate compiler generated dependencies of target nmea_msgs__rosidl_typesupport_fastrtps_cpp[0m
[0.055s] [35m[1mConsolidate compiler generated dependencies of target nmea_msgs__rosidl_typesupport_introspection_cpp[0m
[0.057s] [35m[1mConsolidate compiler generated dependencies of target nmea_msgs__rosidl_typesupport_c[0m
[0.057s] [35m[1mConsolidate compiler generated dependencies of target nmea_msgs__rosidl_typesupport_introspection_c[0m
[0.057s] [35m[1mConsolidate compiler generated dependencies of target nmea_msgs__rosidl_typesupport_fastrtps_c[0m
[0.066s] [ 23%] Built target nmea_msgs__rosidl_typesupport_c
[0.067s] [ 35%] Built target nmea_msgs__rosidl_typesupport_introspection_c
[0.067s] [ 47%] Built target nmea_msgs__rosidl_typesupport_cpp
[0.068s] [ 68%] Built target nmea_msgs__rosidl_typesupport_introspection_cpp
[0.068s] [ 70%] Built target nmea_msgs__rosidl_typesupport_fastrtps_cpp
[0.071s] [ 82%] Built target nmea_msgs__rosidl_typesupport_fastrtps_c
[0.085s] [ 82%] Built target nmea_msgs
[0.100s] [ 83%] Built target nmea_msgs__py
[0.108s] [35m[1mConsolidate compiler generated dependencies of target nmea_msgs__rosidl_generator_py[0m
[0.122s] [ 94%] Built target nmea_msgs__rosidl_generator_py
[0.130s] [35m[1mConsolidate compiler generated dependencies of target nmea_msgs__rosidl_typesupport_c__pyext[0m
[0.130s] [35m[1mConsolidate compiler generated dependencies of target nmea_msgs__rosidl_typesupport_fastrtps_c__pyext[0m
[0.131s] [35m[1mConsolidate compiler generated dependencies of target nmea_msgs__rosidl_typesupport_introspection_c__pyext[0m
[0.140s] [100%] Built target nmea_msgs__rosidl_typesupport_c__pyext
[0.140s] [100%] Built target nmea_msgs__rosidl_typesupport_introspection_c__pyext
[0.140s] [100%] Built target nmea_msgs__rosidl_typesupport_fastrtps_c__pyext
[0.226s] running egg_info
[0.244s] writing nmea_msgs.egg-info/PKG-INFO
[0.244s] writing dependency_links to nmea_msgs.egg-info/dependency_links.txt
[0.244s] writing top-level names to nmea_msgs.egg-info/top_level.txt
[0.385s] reading manifest file 'nmea_msgs.egg-info/SOURCES.txt'
[0.385s] writing manifest file 'nmea_msgs.egg-info/SOURCES.txt'
[0.407s] [100%] Built target ament_cmake_python_build_nmea_msgs_egg
[0.416s] Invoked command in '/home/udit/septentrio/build/nmea_msgs' returned '0': CMAKE_PREFIX_PATH=/opt/ros/humble /usr/bin/cmake --build /home/udit/septentrio/build/nmea_msgs -- -j16 -l16
[0.423s] Invoking command in '/home/udit/septentrio/build/nmea_msgs': CMAKE_PREFIX_PATH=/opt/ros/humble /usr/bin/cmake --install /home/udit/septentrio/build/nmea_msgs
[0.428s] -- Install configuration: ""
[0.429s] -- Up-to-date: /home/udit/septentrio/install/nmea_msgs/share/ament_index/resource_index/rosidl_interfaces/nmea_msgs
[0.429s] -- Up-to-date: /home/udit/septentrio/install/nmea_msgs/include/nmea_msgs/nmea_msgs
[0.429s] -- Up-to-date: /home/udit/septentrio/install/nmea_msgs/include/nmea_msgs/nmea_msgs/msg
[0.429s] -- Up-to-date: /home/udit/septentrio/install/nmea_msgs/include/nmea_msgs/nmea_msgs/msg/gpzda.h
[0.429s] -- Up-to-date: /home/udit/septentrio/install/nmea_msgs/include/nmea_msgs/nmea_msgs/msg/detail
[0.429s] -- Up-to-date: /home/udit/septentrio/install/nmea_msgs/include/nmea_msgs/nmea_msgs/msg/detail/gprmc__functions.c
[0.429s] -- Up-to-date: /home/udit/septentrio/install/nmea_msgs/include/nmea_msgs/nmea_msgs/msg/detail/gpvtg__functions.c
[0.429s] -- Up-to-date: /home/udit/septentrio/install/nmea_msgs/include/nmea_msgs/nmea_msgs/msg/detail/sentence__functions.h
[0.429s] -- Up-to-date: /home/udit/septentrio/install/nmea_msgs/include/nmea_msgs/nmea_msgs/msg/detail/gpgst__functions.h
[0.429s] -- Up-to-date: /home/udit/septentrio/install/nmea_msgs/include/nmea_msgs/nmea_msgs/msg/detail/gpgsa__struct.h
[0.429s] -- Up-to-date: /home/udit/septentrio/install/nmea_msgs/include/nmea_msgs/nmea_msgs/msg/detail/gpgsv_satellite__struct.h
[0.430s] -- Up-to-date: /home/udit/septentrio/install/nmea_msgs/include/nmea_msgs/nmea_msgs/msg/detail/gpgsa__type_support.h
[0.430s] -- Up-to-date: /home/udit/septentrio/install/nmea_msgs/include/nmea_msgs/nmea_msgs/msg/detail/gpgga__struct.h
[0.430s] -- Up-to-date: /home/udit/septentrio/install/nmea_msgs/include/nmea_msgs/nmea_msgs/msg/detail/gpgsv__struct.h
[0.430s] -- Up-to-date: /home/udit/septentrio/install/nmea_msgs/include/nmea_msgs/nmea_msgs/msg/detail/gpgsv__functions.h
[0.430s] -- Up-to-date: /home/udit/septentrio/install/nmea_msgs/include/nmea_msgs/nmea_msgs/msg/detail/sentence__type_support.h
[0.430s] -- Up-to-date: /home/udit/septentrio/install/nmea_msgs/include/nmea_msgs/nmea_msgs/msg/detail/gpgsv_satellite__functions.h
[0.430s] -- Up-to-date: /home/udit/septentrio/install/nmea_msgs/include/nmea_msgs/nmea_msgs/msg/detail/gphdt__type_support.h
[0.430s] -- Up-to-date: /home/udit/septentrio/install/nmea_msgs/include/nmea_msgs/nmea_msgs/msg/detail/gpzda__type_support.h
[0.430s] -- Up-to-date: /home/udit/septentrio/install/nmea_msgs/include/nmea_msgs/nmea_msgs/msg/detail/gpzda__struct.h
[0.430s] -- Up-to-date: /home/udit/septentrio/install/nmea_msgs/include/nmea_msgs/nmea_msgs/msg/detail/gpgsv__functions.c
[0.430s] -- Up-to-date: /home/udit/septentrio/install/nmea_msgs/include/nmea_msgs/nmea_msgs/msg/detail/gpgsv__type_support.h
[0.430s] -- Up-to-date: /home/udit/septentrio/install/nmea_msgs/include/nmea_msgs/nmea_msgs/msg/detail/gprmc__type_support.h
[0.431s] -- Up-to-date: /home/udit/septentrio/install/nmea_msgs/include/nmea_msgs/nmea_msgs/msg/detail/gpzda__functions.h
[0.431s] -- Up-to-date: /home/udit/septentrio/install/nmea_msgs/include/nmea_msgs/nmea_msgs/msg/detail/gpgga__functions.c
[0.431s] -- Up-to-date: /home/udit/septentrio/install/nmea_msgs/include/nmea_msgs/nmea_msgs/msg/detail/gpzda__functions.c
[0.431s] -- Up-to-date: /home/udit/septentrio/install/nmea_msgs/include/nmea_msgs/nmea_msgs/msg/detail/gphdt__functions.c
[0.431s] -- Up-to-date: /home/udit/septentrio/install/nmea_msgs/include/nmea_msgs/nmea_msgs/msg/detail/gpgst__functions.c
[0.431s] -- Up-to-date: /home/udit/septentrio/install/nmea_msgs/include/nmea_msgs/nmea_msgs/msg/detail/gphdt__struct.h
[0.431s] -- Up-to-date: /home/udit/septentrio/install/nmea_msgs/include/nmea_msgs/nmea_msgs/msg/detail/gpgsv_satellite__type_support.h
[0.431s] -- Up-to-date: /home/udit/septentrio/install/nmea_msgs/include/nmea_msgs/nmea_msgs/msg/detail/gpgsa__functions.c
[0.431s] -- Up-to-date: /home/udit/septentrio/install/nmea_msgs/include/nmea_msgs/nmea_msgs/msg/detail/sentence__struct.h
[0.431s] -- Up-to-date: /home/udit/septentrio/install/nmea_msgs/include/nmea_msgs/nmea_msgs/msg/detail/gprmc__functions.h
[0.431s] -- Up-to-date: /home/udit/septentrio/install/nmea_msgs/include/nmea_msgs/nmea_msgs/msg/detail/gpgga__functions.h
[0.431s] -- Up-to-date: /home/udit/septentrio/install/nmea_msgs/include/nmea_msgs/nmea_msgs/msg/detail/gpvtg__type_support.h
[0.431s] -- Up-to-date: /home/udit/septentrio/install/nmea_msgs/include/nmea_msgs/nmea_msgs/msg/detail/gphdt__functions.h
[0.431s] -- Up-to-date: /home/udit/septentrio/install/nmea_msgs/include/nmea_msgs/nmea_msgs/msg/detail/gpgst__type_support.h
[0.431s] -- Up-to-date: /home/udit/septentrio/install/nmea_msgs/include/nmea_msgs/nmea_msgs/msg/detail/gpgst__struct.h
[0.432s] -- Up-to-date: /home/udit/septentrio/install/nmea_msgs/include/nmea_msgs/nmea_msgs/msg/detail/sentence__functions.c
[0.432s] -- Up-to-date: /home/udit/septentrio/install/nmea_msgs/include/nmea_msgs/nmea_msgs/msg/detail/gpgsv_satellite__functions.c
[0.432s] -- Up-to-date: /home/udit/septentrio/install/nmea_msgs/include/nmea_msgs/nmea_msgs/msg/detail/gpvtg__functions.h
[0.432s] -- Up-to-date: /home/udit/septentrio/install/nmea_msgs/include/nmea_msgs/nmea_msgs/msg/detail/gpvtg__struct.h
[0.432s] -- Up-to-date: /home/udit/septentrio/install/nmea_msgs/include/nmea_msgs/nmea_msgs/msg/detail/gprmc__struct.h
[0.432s] -- Up-to-date: /home/udit/septentrio/install/nmea_msgs/include/nmea_msgs/nmea_msgs/msg/detail/gpgga__type_support.h
[0.432s] -- Up-to-date: /home/udit/septentrio/install/nmea_msgs/include/nmea_msgs/nmea_msgs/msg/detail/gpgsa__functions.h
[0.432s] -- Up-to-date: /home/udit/septentrio/install/nmea_msgs/include/nmea_msgs/nmea_msgs/msg/rosidl_generator_c__visibility_control.h
[0.432s] -- Up-to-date: /home/udit/septentrio/install/nmea_msgs/include/nmea_msgs/nmea_msgs/msg/gpgsv_satellite.h
[0.432s] -- Up-to-date: /home/udit/septentrio/install/nmea_msgs/include/nmea_msgs/nmea_msgs/msg/sentence.h
[0.432s] -- Up-to-date: /home/udit/septentrio/install/nmea_msgs/include/nmea_msgs/nmea_msgs/msg/gpgsv.h
[0.432s] -- Up-to-date: /home/udit/septentrio/install/nmea_msgs/include/nmea_msgs/nmea_msgs/msg/gprmc.h
[0.432s] -- Up-to-date: /home/udit/septentrio/install/nmea_msgs/include/nmea_msgs/nmea_msgs/msg/gpgga.h
[0.432s] -- Up-to-date: /home/udit/septentrio/install/nmea_msgs/include/nmea_msgs/nmea_msgs/msg/gpgsa.h
[0.432s] -- Up-to-date: /home/udit/septentrio/install/nmea_msgs/include/nmea_msgs/nmea_msgs/msg/gphdt.h
[0.432s] -- Up-to-date: /home/udit/septentrio/install/nmea_msgs/include/nmea_msgs/nmea_msgs/msg/gpvtg.h
[0.432s] -- Up-to-date: /home/udit/septentrio/install/nmea_msgs/include/nmea_msgs/nmea_msgs/msg/gpgst.h
[0.432s] -- Up-to-date: /home/udit/septentrio/install/nmea_msgs/share/nmea_msgs/environment/library_path.sh
[0.432s] -- Up-to-date: /home/udit/septentrio/install/nmea_msgs/share/nmea_msgs/environment/library_path.dsv
[0.432s] -- Up-to-date: /home/udit/septentrio/install/nmea_msgs/lib/libnmea_msgs__rosidl_generator_c.so
[0.432s] -- Up-to-date: /home/udit/septentrio/install/nmea_msgs/include/nmea_msgs/nmea_msgs
[0.433s] -- Up-to-date: /home/udit/septentrio/install/nmea_msgs/include/nmea_msgs/nmea_msgs/msg
[0.433s] -- Up-to-date: /home/udit/septentrio/install/nmea_msgs/include/nmea_msgs/nmea_msgs/msg/detail
[0.433s] -- Up-to-date: /home/udit/septentrio/install/nmea_msgs/include/nmea_msgs/nmea_msgs/msg/detail/sentence__rosidl_typesupport_fastrtps_c.h
[0.433s] -- Up-to-date: /home/udit/septentrio/install/nmea_msgs/include/nmea_msgs/nmea_msgs/msg/detail/gpgsv__rosidl_typesupport_fastrtps_c.h
[0.433s] -- Up-to-date: /home/udit/septentrio/install/nmea_msgs/include/nmea_msgs/nmea_msgs/msg/detail/gphdt__rosidl_typesupport_fastrtps_c.h
[0.433s] -- Up-to-date: /home/udit/septentrio/install/nmea_msgs/include/nmea_msgs/nmea_msgs/msg/detail/gpgsv_satellite__rosidl_typesupport_fastrtps_c.h
[0.433s] -- Up-to-date: /home/udit/septentrio/install/nmea_msgs/include/nmea_msgs/nmea_msgs/msg/detail/gpgst__rosidl_typesupport_fastrtps_c.h
[0.433s] -- Up-to-date: /home/udit/septentrio/install/nmea_msgs/include/nmea_msgs/nmea_msgs/msg/detail/gpgsa__rosidl_typesupport_fastrtps_c.h
[0.433s] -- Up-to-date: /home/udit/septentrio/install/nmea_msgs/include/nmea_msgs/nmea_msgs/msg/detail/gpvtg__rosidl_typesupport_fastrtps_c.h
[0.433s] -- Up-to-date: /home/udit/septentrio/install/nmea_msgs/include/nmea_msgs/nmea_msgs/msg/detail/gpgga__rosidl_typesupport_fastrtps_c.h
[0.433s] -- Up-to-date: /home/udit/septentrio/install/nmea_msgs/include/nmea_msgs/nmea_msgs/msg/detail/gpzda__rosidl_typesupport_fastrtps_c.h
[0.433s] -- Up-to-date: /home/udit/septentrio/install/nmea_msgs/include/nmea_msgs/nmea_msgs/msg/detail/gprmc__rosidl_typesupport_fastrtps_c.h
[0.433s] -- Up-to-date: /home/udit/septentrio/install/nmea_msgs/include/nmea_msgs/nmea_msgs/msg/rosidl_typesupport_fastrtps_c__visibility_control.h
[0.433s] -- Up-to-date: /home/udit/septentrio/install/nmea_msgs/lib/libnmea_msgs__rosidl_typesupport_fastrtps_c.so
[0.433s] -- Up-to-date: /home/udit/septentrio/install/nmea_msgs/include/nmea_msgs/nmea_msgs
[0.433s] -- Up-to-date: /home/udit/septentrio/install/nmea_msgs/include/nmea_msgs/nmea_msgs/msg
[0.433s] -- Up-to-date: /home/udit/septentrio/install/nmea_msgs/include/nmea_msgs/nmea_msgs/msg/rosidl_typesupport_introspection_c__visibility_control.h
[0.433s] -- Up-to-date: /home/udit/septentrio/install/nmea_msgs/include/nmea_msgs/nmea_msgs/msg/detail
[0.433s] -- Up-to-date: /home/udit/septentrio/install/nmea_msgs/include/nmea_msgs/nmea_msgs/msg/detail/gpgsv__rosidl_typesupport_introspection_c.h
[0.433s] -- Up-to-date: /home/udit/septentrio/install/nmea_msgs/include/nmea_msgs/nmea_msgs/msg/detail/gpvtg__rosidl_typesupport_introspection_c.h
[0.433s] -- Up-to-date: /home/udit/septentrio/install/nmea_msgs/include/nmea_msgs/nmea_msgs/msg/detail/gprmc__rosidl_typesupport_introspection_c.h
[0.434s] -- Up-to-date: /home/udit/septentrio/install/nmea_msgs/include/nmea_msgs/nmea_msgs/msg/detail/gpgsa__type_support.c
[0.434s] -- Up-to-date: /home/udit/septentrio/install/nmea_msgs/include/nmea_msgs/nmea_msgs/msg/detail/gpgsv_satellite__rosidl_typesupport_introspection_c.h
[0.434s] -- Up-to-date: /home/udit/septentrio/install/nmea_msgs/include/nmea_msgs/nmea_msgs/msg/detail/gphdt__rosidl_typesupport_introspection_c.h
[0.434s] -- Up-to-date: /home/udit/septentrio/install/nmea_msgs/include/nmea_msgs/nmea_msgs/msg/detail/gpgst__type_support.c
[0.434s] -- Up-to-date: /home/udit/septentrio/install/nmea_msgs/include/nmea_msgs/nmea_msgs/msg/detail/gprmc__type_support.c
[0.434s] -- Up-to-date: /home/udit/septentrio/install/nmea_msgs/include/nmea_msgs/nmea_msgs/msg/detail/gpgsv__type_support.c
[0.434s] -- Up-to-date: /home/udit/septentrio/install/nmea_msgs/include/nmea_msgs/nmea_msgs/msg/detail/sentence__rosidl_typesupport_introspection_c.h
[0.434s] -- Up-to-date: /home/udit/septentrio/install/nmea_msgs/include/nmea_msgs/nmea_msgs/msg/detail/gpgsv_satellite__type_support.c
[0.434s] -- Up-to-date: /home/udit/septentrio/install/nmea_msgs/include/nmea_msgs/nmea_msgs/msg/detail/gpgst__rosidl_typesupport_introspection_c.h
[0.434s] -- Up-to-date: /home/udit/septentrio/install/nmea_msgs/include/nmea_msgs/nmea_msgs/msg/detail/sentence__type_support.c
[0.434s] -- Up-to-date: /home/udit/septentrio/install/nmea_msgs/include/nmea_msgs/nmea_msgs/msg/detail/gpvtg__type_support.c
[0.434s] -- Up-to-date: /home/udit/septentrio/install/nmea_msgs/include/nmea_msgs/nmea_msgs/msg/detail/gpzda__type_support.c
[0.434s] -- Up-to-date: /home/udit/septentrio/install/nmea_msgs/include/nmea_msgs/nmea_msgs/msg/detail/gpgga__type_support.c
[0.434s] -- Up-to-date: /home/udit/septentrio/install/nmea_msgs/include/nmea_msgs/nmea_msgs/msg/detail/gphdt__type_support.c
[0.434s] -- Up-to-date: /home/udit/septentrio/install/nmea_msgs/include/nmea_msgs/nmea_msgs/msg/detail/gpzda__rosidl_typesupport_introspection_c.h
[0.434s] -- Up-to-date: /home/udit/septentrio/install/nmea_msgs/include/nmea_msgs/nmea_msgs/msg/detail/gpgga__rosidl_typesupport_introspection_c.h
[0.434s] -- Up-to-date: /home/udit/septentrio/install/nmea_msgs/include/nmea_msgs/nmea_msgs/msg/detail/gpgsa__rosidl_typesupport_introspection_c.h
[0.434s] -- Up-to-date: /home/udit/septentrio/install/nmea_msgs/lib/libnmea_msgs__rosidl_typesupport_introspection_c.so
[0.434s] -- Up-to-date: /home/udit/septentrio/install/nmea_msgs/lib/libnmea_msgs__rosidl_typesupport_c.so
[0.434s] -- Up-to-date: /home/udit/septentrio/install/nmea_msgs/include/nmea_msgs/nmea_msgs
[0.435s] -- Up-to-date: /home/udit/septentrio/install/nmea_msgs/include/nmea_msgs/nmea_msgs/msg
[0.435s] -- Up-to-date: /home/udit/septentrio/install/nmea_msgs/include/nmea_msgs/nmea_msgs/msg/rosidl_generator_cpp__visibility_control.hpp
[0.435s] -- Up-to-date: /home/udit/septentrio/install/nmea_msgs/include/nmea_msgs/nmea_msgs/msg/detail
[0.435s] -- Up-to-date: /home/udit/septentrio/install/nmea_msgs/include/nmea_msgs/nmea_msgs/msg/detail/sentence__struct.hpp
[0.435s] -- Up-to-date: /home/udit/septentrio/install/nmea_msgs/include/nmea_msgs/nmea_msgs/msg/detail/gprmc__struct.hpp
[0.435s] -- Up-to-date: /home/udit/septentrio/install/nmea_msgs/include/nmea_msgs/nmea_msgs/msg/detail/gpzda__type_support.hpp
[0.435s] -- Up-to-date: /home/udit/septentrio/install/nmea_msgs/include/nmea_msgs/nmea_msgs/msg/detail/sentence__type_support.hpp
[0.435s] -- Up-to-date: /home/udit/septentrio/install/nmea_msgs/include/nmea_msgs/nmea_msgs/msg/detail/gpzda__traits.hpp
[0.435s] -- Up-to-date: /home/udit/septentrio/install/nmea_msgs/include/nmea_msgs/nmea_msgs/msg/detail/gpgsa__struct.hpp
[0.435s] -- Up-to-date: /home/udit/septentrio/install/nmea_msgs/include/nmea_msgs/nmea_msgs/msg/detail/gpgst__struct.hpp
[0.435s] -- Up-to-date: /home/udit/septentrio/install/nmea_msgs/include/nmea_msgs/nmea_msgs/msg/detail/gprmc__builder.hpp
[0.435s] -- Up-to-date: /home/udit/septentrio/install/nmea_msgs/include/nmea_msgs/nmea_msgs/msg/detail/gpgga__struct.hpp
[0.435s] -- Up-to-date: /home/udit/septentrio/install/nmea_msgs/include/nmea_msgs/nmea_msgs/msg/detail/gpvtg__builder.hpp
[0.435s] -- Up-to-date: /home/udit/septentrio/install/nmea_msgs/include/nmea_msgs/nmea_msgs/msg/detail/gpgsv__struct.hpp
[0.435s] -- Up-to-date: /home/udit/septentrio/install/nmea_msgs/include/nmea_msgs/nmea_msgs/msg/detail/gpgsa__builder.hpp
[0.435s] -- Up-to-date: /home/udit/septentrio/install/nmea_msgs/include/nmea_msgs/nmea_msgs/msg/detail/gpvtg__type_support.hpp
[0.435s] -- Up-to-date: /home/udit/septentrio/install/nmea_msgs/include/nmea_msgs/nmea_msgs/msg/detail/gpgsv_satellite__builder.hpp
[0.435s] -- Up-to-date: /home/udit/septentrio/install/nmea_msgs/include/nmea_msgs/nmea_msgs/msg/detail/gprmc__traits.hpp
[0.435s] -- Up-to-date: /home/udit/septentrio/install/nmea_msgs/include/nmea_msgs/nmea_msgs/msg/detail/gpgsv_satellite__type_support.hpp
[0.435s] -- Up-to-date: /home/udit/septentrio/install/nmea_msgs/include/nmea_msgs/nmea_msgs/msg/detail/gpgga__traits.hpp
[0.436s] -- Up-to-date: /home/udit/septentrio/install/nmea_msgs/include/nmea_msgs/nmea_msgs/msg/detail/gpgga__builder.hpp
[0.436s] -- Up-to-date: /home/udit/septentrio/install/nmea_msgs/include/nmea_msgs/nmea_msgs/msg/detail/gpzda__builder.hpp
[0.436s] -- Up-to-date: /home/udit/septentrio/install/nmea_msgs/include/nmea_msgs/nmea_msgs/msg/detail/gpgsv__builder.hpp
[0.436s] -- Up-to-date: /home/udit/septentrio/install/nmea_msgs/include/nmea_msgs/nmea_msgs/msg/detail/gphdt__traits.hpp
[0.436s] -- Up-to-date: /home/udit/septentrio/install/nmea_msgs/include/nmea_msgs/nmea_msgs/msg/detail/gphdt__struct.hpp
[0.436s] -- Up-to-date: /home/udit/septentrio/install/nmea_msgs/include/nmea_msgs/nmea_msgs/msg/detail/sentence__builder.hpp
[0.436s] -- Up-to-date: /home/udit/septentrio/install/nmea_msgs/include/nmea_msgs/nmea_msgs/msg/detail/sentence__traits.hpp
[0.436s] -- Up-to-date: /home/udit/septentrio/install/nmea_msgs/include/nmea_msgs/nmea_msgs/msg/detail/gpzda__struct.hpp
[0.436s] -- Up-to-date: /home/udit/septentrio/install/nmea_msgs/include/nmea_msgs/nmea_msgs/msg/detail/gpgsv__traits.hpp
[0.436s] -- Up-to-date: /home/udit/septentrio/install/nmea_msgs/include/nmea_msgs/nmea_msgs/msg/detail/gpgsa__traits.hpp
[0.436s] -- Up-to-date: /home/udit/septentrio/install/nmea_msgs/include/nmea_msgs/nmea_msgs/msg/detail/gpvtg__struct.hpp
[0.436s] -- Up-to-date: /home/udit/septentrio/install/nmea_msgs/include/nmea_msgs/nmea_msgs/msg/detail/gpgsv_satellite__traits.hpp
[0.436s] -- Up-to-date: /home/udit/septentrio/install/nmea_msgs/include/nmea_msgs/nmea_msgs/msg/detail/gpgst__type_support.hpp
[0.436s] -- Up-to-date: /home/udit/septentrio/install/nmea_msgs/include/nmea_msgs/nmea_msgs/msg/detail/gphdt__builder.hpp
[0.437s] -- Up-to-date: /home/udit/septentrio/install/nmea_msgs/include/nmea_msgs/nmea_msgs/msg/detail/gpvtg__traits.hpp
[0.437s] -- Up-to-date: /home/udit/septentrio/install/nmea_msgs/include/nmea_msgs/nmea_msgs/msg/detail/gpgsa__type_support.hpp
[0.437s] -- Up-to-date: /home/udit/septentrio/install/nmea_msgs/include/nmea_msgs/nmea_msgs/msg/detail/gpgga__type_support.hpp
[0.437s] -- Up-to-date: /home/udit/septentrio/install/nmea_msgs/include/nmea_msgs/nmea_msgs/msg/detail/gpgst__traits.hpp
[0.437s] -- Up-to-date: /home/udit/septentrio/install/nmea_msgs/include/nmea_msgs/nmea_msgs/msg/detail/gpgst__builder.hpp
[0.437s] -- Up-to-date: /home/udit/septentrio/install/nmea_msgs/include/nmea_msgs/nmea_msgs/msg/detail/gpgsv__type_support.hpp
[0.437s] -- Up-to-date: /home/udit/septentrio/install/nmea_msgs/include/nmea_msgs/nmea_msgs/msg/detail/gphdt__type_support.hpp
[0.437s] -- Up-to-date: /home/udit/septentrio/install/nmea_msgs/include/nmea_msgs/nmea_msgs/msg/detail/gprmc__type_support.hpp
[0.437s] -- Up-to-date: /home/udit/septentrio/install/nmea_msgs/include/nmea_msgs/nmea_msgs/msg/detail/gpgsv_satellite__struct.hpp
[0.437s] -- Up-to-date: /home/udit/septentrio/install/nmea_msgs/include/nmea_msgs/nmea_msgs/msg/gpzda.hpp
[0.437s] -- Up-to-date: /home/udit/septentrio/install/nmea_msgs/include/nmea_msgs/nmea_msgs/msg/gpgsv.hpp
[0.437s] -- Up-to-date: /home/udit/septentrio/install/nmea_msgs/include/nmea_msgs/nmea_msgs/msg/gphdt.hpp
[0.437s] -- Up-to-date: /home/udit/septentrio/install/nmea_msgs/include/nmea_msgs/nmea_msgs/msg/gpvtg.hpp
[0.437s] -- Up-to-date: /home/udit/septentrio/install/nmea_msgs/include/nmea_msgs/nmea_msgs/msg/gpgsv_satellite.hpp
[0.437s] -- Up-to-date: /home/udit/septentrio/install/nmea_msgs/include/nmea_msgs/nmea_msgs/msg/gpgst.hpp
[0.437s] -- Up-to-date: /home/udit/septentrio/install/nmea_msgs/include/nmea_msgs/nmea_msgs/msg/gpgga.hpp
[0.437s] -- Up-to-date: /home/udit/septentrio/install/nmea_msgs/include/nmea_msgs/nmea_msgs/msg/sentence.hpp
[0.438s] -- Up-to-date: /home/udit/septentrio/install/nmea_msgs/include/nmea_msgs/nmea_msgs/msg/gprmc.hpp
[0.438s] -- Up-to-date: /home/udit/septentrio/install/nmea_msgs/include/nmea_msgs/nmea_msgs/msg/gpgsa.hpp
[0.438s] -- Up-to-date: /home/udit/septentrio/install/nmea_msgs/include/nmea_msgs/nmea_msgs
[0.438s] -- Up-to-date: /home/udit/septentrio/install/nmea_msgs/include/nmea_msgs/nmea_msgs/msg
[0.438s] -- Up-to-date: /home/udit/septentrio/install/nmea_msgs/include/nmea_msgs/nmea_msgs/msg/detail
[0.438s] -- Up-to-date: /home/udit/septentrio/install/nmea_msgs/include/nmea_msgs/nmea_msgs/msg/detail/gpgsv_satellite__rosidl_typesupport_fastrtps_cpp.hpp
[0.438s] -- Up-to-date: /home/udit/septentrio/install/nmea_msgs/include/nmea_msgs/nmea_msgs/msg/detail/dds_fastrtps
[0.438s] -- Up-to-date: /home/udit/septentrio/install/nmea_msgs/include/nmea_msgs/nmea_msgs/msg/detail/sentence__rosidl_typesupport_fastrtps_cpp.hpp
[0.438s] -- Up-to-date: /home/udit/septentrio/install/nmea_msgs/include/nmea_msgs/nmea_msgs/msg/detail/gpgsa__rosidl_typesupport_fastrtps_cpp.hpp
[0.438s] -- Up-to-date: /home/udit/septentrio/install/nmea_msgs/include/nmea_msgs/nmea_msgs/msg/detail/gpgsv__rosidl_typesupport_fastrtps_cpp.hpp
[0.438s] -- Up-to-date: /home/udit/septentrio/install/nmea_msgs/include/nmea_msgs/nmea_msgs/msg/detail/gpzda__rosidl_typesupport_fastrtps_cpp.hpp
[0.438s] -- Up-to-date: /home/udit/septentrio/install/nmea_msgs/include/nmea_msgs/nmea_msgs/msg/detail/gpgst__rosidl_typesupport_fastrtps_cpp.hpp
[0.438s] -- Up-to-date: /home/udit/septentrio/install/nmea_msgs/include/nmea_msgs/nmea_msgs/msg/detail/gphdt__rosidl_typesupport_fastrtps_cpp.hpp
[0.438s] -- Up-to-date: /home/udit/septentrio/install/nmea_msgs/include/nmea_msgs/nmea_msgs/msg/detail/gpvtg__rosidl_typesupport_fastrtps_cpp.hpp
[0.438s] -- Up-to-date: /home/udit/septentrio/install/nmea_msgs/include/nmea_msgs/nmea_msgs/msg/detail/gprmc__rosidl_typesupport_fastrtps_cpp.hpp
[0.438s] -- Up-to-date: /home/udit/septentrio/install/nmea_msgs/include/nmea_msgs/nmea_msgs/msg/detail/gpgga__rosidl_typesupport_fastrtps_cpp.hpp
[0.438s] -- Up-to-date: /home/udit/septentrio/install/nmea_msgs/include/nmea_msgs/nmea_msgs/msg/rosidl_typesupport_fastrtps_cpp__visibility_control.h
[0.439s] -- Up-to-date: /home/udit/septentrio/install/nmea_msgs/lib/libnmea_msgs__rosidl_typesupport_fastrtps_cpp.so
[0.439s] -- Up-to-date: /home/udit/septentrio/install/nmea_msgs/include/nmea_msgs/nmea_msgs
[0.439s] -- Up-to-date: /home/udit/septentrio/install/nmea_msgs/include/nmea_msgs/nmea_msgs/msg
[0.439s] -- Up-to-date: /home/udit/septentrio/install/nmea_msgs/include/nmea_msgs/nmea_msgs/msg/detail
[0.439s] -- Up-to-date: /home/udit/septentrio/install/nmea_msgs/include/nmea_msgs/nmea_msgs/msg/detail/gphdt__type_support.cpp
[0.439s] -- Up-to-date: /home/udit/septentrio/install/nmea_msgs/include/nmea_msgs/nmea_msgs/msg/detail/gpgsv__type_support.cpp
[0.439s] -- Up-to-date: /home/udit/septentrio/install/nmea_msgs/include/nmea_msgs/nmea_msgs/msg/detail/gprmc__type_support.cpp
[0.439s] -- Up-to-date: /home/udit/septentrio/install/nmea_msgs/include/nmea_msgs/nmea_msgs/msg/detail/gphdt__rosidl_typesupport_introspection_cpp.hpp
[0.439s] -- Up-to-date: /home/udit/septentrio/install/nmea_msgs/include/nmea_msgs/nmea_msgs/msg/detail/gpgst__rosidl_typesupport_introspection_cpp.hpp
[0.439s] -- Up-to-date: /home/udit/septentrio/install/nmea_msgs/include/nmea_msgs/nmea_msgs/msg/detail/sentence__type_support.cpp
[0.439s] -- Up-to-date: /home/udit/septentrio/install/nmea_msgs/include/nmea_msgs/nmea_msgs/msg/detail/gpgsa__type_support.cpp
[0.439s] -- Up-to-date: /home/udit/septentrio/install/nmea_msgs/include/nmea_msgs/nmea_msgs/msg/detail/gpzda__rosidl_typesupport_introspection_cpp.hpp
[0.439s] -- Up-to-date: /home/udit/septentrio/install/nmea_msgs/include/nmea_msgs/nmea_msgs/msg/detail/gpgst__type_support.cpp
[0.439s] -- Up-to-date: /home/udit/septentrio/install/nmea_msgs/include/nmea_msgs/nmea_msgs/msg/detail/gpgsv__rosidl_typesupport_introspection_cpp.hpp
[0.439s] -- Up-to-date: /home/udit/septentrio/install/nmea_msgs/include/nmea_msgs/nmea_msgs/msg/detail/sentence__rosidl_typesupport_introspection_cpp.hpp
[0.439s] -- Up-to-date: /home/udit/septentrio/install/nmea_msgs/include/nmea_msgs/nmea_msgs/msg/detail/gpgga__type_support.cpp
[0.439s] -- Up-to-date: /home/udit/septentrio/install/nmea_msgs/include/nmea_msgs/nmea_msgs/msg/detail/gpgga__rosidl_typesupport_introspection_cpp.hpp
[0.440s] -- Up-to-date: /home/udit/septentrio/install/nmea_msgs/include/nmea_msgs/nmea_msgs/msg/detail/gpgsv_satellite__type_support.cpp
[0.440s] -- Up-to-date: /home/udit/septentrio/install/nmea_msgs/include/nmea_msgs/nmea_msgs/msg/detail/gpgsv_satellite__rosidl_typesupport_introspection_cpp.hpp
[0.440s] -- Up-to-date: /home/udit/septentrio/install/nmea_msgs/include/nmea_msgs/nmea_msgs/msg/detail/gpgsa__rosidl_typesupport_introspection_cpp.hpp
[0.440s] -- Up-to-date: /home/udit/septentrio/install/nmea_msgs/include/nmea_msgs/nmea_msgs/msg/detail/gpvtg__rosidl_typesupport_introspection_cpp.hpp
[0.440s] -- Up-to-date: /home/udit/septentrio/install/nmea_msgs/include/nmea_msgs/nmea_msgs/msg/detail/gpvtg__type_support.cpp
[0.440s] -- Up-to-date: /home/udit/septentrio/install/nmea_msgs/include/nmea_msgs/nmea_msgs/msg/detail/gprmc__rosidl_typesupport_introspection_cpp.hpp
[0.440s] -- Up-to-date: /home/udit/septentrio/install/nmea_msgs/include/nmea_msgs/nmea_msgs/msg/detail/gpzda__type_support.cpp
[0.440s] -- Up-to-date: /home/udit/septentrio/install/nmea_msgs/lib/libnmea_msgs__rosidl_typesupport_introspection_cpp.so
[0.440s] -- Up-to-date: /home/udit/septentrio/install/nmea_msgs/lib/libnmea_msgs__rosidl_typesupport_cpp.so
[0.440s] -- Up-to-date: /home/udit/septentrio/install/nmea_msgs/share/nmea_msgs/environment/pythonpath.sh
[0.440s] -- Up-to-date: /home/udit/septentrio/install/nmea_msgs/share/nmea_msgs/environment/pythonpath.dsv
[0.440s] -- Up-to-date: /home/udit/septentrio/install/nmea_msgs/local/lib/python3.10/dist-packages/nmea_msgs-2.1.0-py3.10.egg-info
[0.440s] -- Installing: /home/udit/septentrio/install/nmea_msgs/local/lib/python3.10/dist-packages/nmea_msgs-2.1.0-py3.10.egg-info/PKG-INFO
[0.440s] -- Installing: /home/udit/septentrio/install/nmea_msgs/local/lib/python3.10/dist-packages/nmea_msgs-2.1.0-py3.10.egg-info/dependency_links.txt
[0.440s] -- Installing: /home/udit/septentrio/install/nmea_msgs/local/lib/python3.10/dist-packages/nmea_msgs-2.1.0-py3.10.egg-info/top_level.txt
[0.440s] -- Installing: /home/udit/septentrio/install/nmea_msgs/local/lib/python3.10/dist-packages/nmea_msgs-2.1.0-py3.10.egg-info/SOURCES.txt
[0.440s] -- Up-to-date: /home/udit/septentrio/install/nmea_msgs/local/lib/python3.10/dist-packages/nmea_msgs
[0.440s] -- Up-to-date: /home/udit/septentrio/install/nmea_msgs/local/lib/python3.10/dist-packages/nmea_msgs/_nmea_msgs_s.ep.rosidl_typesupport_c.c
[0.440s] -- Up-to-date: /home/udit/septentrio/install/nmea_msgs/local/lib/python3.10/dist-packages/nmea_msgs/nmea_msgs_s__rosidl_typesupport_fastrtps_c.cpython-310-x86_64-linux-gnu.so
[0.440s] -- Up-to-date: /home/udit/septentrio/install/nmea_msgs/local/lib/python3.10/dist-packages/nmea_msgs/nmea_msgs_s__rosidl_typesupport_c.cpython-310-x86_64-linux-gnu.so
[0.440s] -- Up-to-date: /home/udit/septentrio/install/nmea_msgs/local/lib/python3.10/dist-packages/nmea_msgs/libnmea_msgs__rosidl_generator_py.so
[0.440s] -- Up-to-date: /home/udit/septentrio/install/nmea_msgs/local/lib/python3.10/dist-packages/nmea_msgs/_nmea_msgs_s.ep.rosidl_typesupport_introspection_c.c
[0.440s] -- Up-to-date: /home/udit/septentrio/install/nmea_msgs/local/lib/python3.10/dist-packages/nmea_msgs/__init__.py
[0.441s] -- Up-to-date: /home/udit/septentrio/install/nmea_msgs/local/lib/python3.10/dist-packages/nmea_msgs/_nmea_msgs_s.ep.rosidl_typesupport_fastrtps_c.c
[0.441s] -- Up-to-date: /home/udit/septentrio/install/nmea_msgs/local/lib/python3.10/dist-packages/nmea_msgs/nmea_msgs_s__rosidl_typesupport_introspection_c.cpython-310-x86_64-linux-gnu.so
[0.441s] -- Up-to-date: /home/udit/septentrio/install/nmea_msgs/local/lib/python3.10/dist-packages/nmea_msgs/msg
[0.441s] -- Up-to-date: /home/udit/septentrio/install/nmea_msgs/local/lib/python3.10/dist-packages/nmea_msgs/msg/_gprmc.py
[0.441s] -- Up-to-date: /home/udit/septentrio/install/nmea_msgs/local/lib/python3.10/dist-packages/nmea_msgs/msg/_sentence.py
[0.441s] -- Up-to-date: /home/udit/septentrio/install/nmea_msgs/local/lib/python3.10/dist-packages/nmea_msgs/msg/_gpgsv_satellite.py
[0.441s] -- Up-to-date: /home/udit/septentrio/install/nmea_msgs/local/lib/python3.10/dist-packages/nmea_msgs/msg/_gpvtg_s.c
[0.441s] -- Up-to-date: /home/udit/septentrio/install/nmea_msgs/local/lib/python3.10/dist-packages/nmea_msgs/msg/_gpgsa_s.c
[0.441s] -- Up-to-date: /home/udit/septentrio/install/nmea_msgs/local/lib/python3.10/dist-packages/nmea_msgs/msg/_gpgst.py
[0.441s] -- Up-to-date: /home/udit/septentrio/install/nmea_msgs/local/lib/python3.10/dist-packages/nmea_msgs/msg/_gpgsv_s.c
[0.441s] -- Up-to-date: /home/udit/septentrio/install/nmea_msgs/local/lib/python3.10/dist-packages/nmea_msgs/msg/_gphdt_s.c
[0.441s] -- Up-to-date: /home/udit/septentrio/install/nmea_msgs/local/lib/python3.10/dist-packages/nmea_msgs/msg/_gpgga.py
[0.441s] -- Up-to-date: /home/udit/septentrio/install/nmea_msgs/local/lib/python3.10/dist-packages/nmea_msgs/msg/_gpgsa.py
[0.441s] -- Up-to-date: /home/udit/septentrio/install/nmea_msgs/local/lib/python3.10/dist-packages/nmea_msgs/msg/_gpzda_s.c
[0.441s] -- Up-to-date: /home/udit/septentrio/install/nmea_msgs/local/lib/python3.10/dist-packages/nmea_msgs/msg/__init__.py
[0.441s] -- Up-to-date: /home/udit/septentrio/install/nmea_msgs/local/lib/python3.10/dist-packages/nmea_msgs/msg/_gpgga_s.c
[0.441s] -- Up-to-date: /home/udit/septentrio/install/nmea_msgs/local/lib/python3.10/dist-packages/nmea_msgs/msg/_gpzda.py
[0.441s] -- Up-to-date: /home/udit/septentrio/install/nmea_msgs/local/lib/python3.10/dist-packages/nmea_msgs/msg/_sentence_s.c
[0.441s] -- Up-to-date: /home/udit/septentrio/install/nmea_msgs/local/lib/python3.10/dist-packages/nmea_msgs/msg/_gprmc_s.c
[0.441s] -- Up-to-date: /home/udit/septentrio/install/nmea_msgs/local/lib/python3.10/dist-packages/nmea_msgs/msg/_gpvtg.py
[0.441s] -- Up-to-date: /home/udit/septentrio/install/nmea_msgs/local/lib/python3.10/dist-packages/nmea_msgs/msg/_gpgsv.py
[0.441s] -- Up-to-date: /home/udit/septentrio/install/nmea_msgs/local/lib/python3.10/dist-packages/nmea_msgs/msg/_gpgst_s.c
[0.441s] -- Up-to-date: /home/udit/septentrio/install/nmea_msgs/local/lib/python3.10/dist-packages/nmea_msgs/msg/_gpgsv_satellite_s.c
[0.441s] -- Up-to-date: /home/udit/septentrio/install/nmea_msgs/local/lib/python3.10/dist-packages/nmea_msgs/msg/_gphdt.py
[0.458s] Listing '/home/udit/septentrio/install/nmea_msgs/local/lib/python3.10/dist-packages/nmea_msgs'...
[0.458s] Listing '/home/udit/septentrio/install/nmea_msgs/local/lib/python3.10/dist-packages/nmea_msgs/msg'...
[0.460s] -- Up-to-date: /home/udit/septentrio/install/nmea_msgs/local/lib/python3.10/dist-packages/nmea_msgs/nmea_msgs_s__rosidl_typesupport_fastrtps_c.cpython-310-x86_64-linux-gnu.so
[0.461s] -- Up-to-date: /home/udit/septentrio/install/nmea_msgs/local/lib/python3.10/dist-packages/nmea_msgs/nmea_msgs_s__rosidl_typesupport_introspection_c.cpython-310-x86_64-linux-gnu.so
[0.461s] -- Up-to-date: /home/udit/septentrio/install/nmea_msgs/local/lib/python3.10/dist-packages/nmea_msgs/nmea_msgs_s__rosidl_typesupport_c.cpython-310-x86_64-linux-gnu.so
[0.461s] -- Up-to-date: /home/udit/septentrio/install/nmea_msgs/lib/libnmea_msgs__rosidl_generator_py.so
[0.461s] -- Up-to-date: /home/udit/septentrio/install/nmea_msgs/share/nmea_msgs/msg/Sentence.idl
[0.462s] -- Up-to-date: /home/udit/septentrio/install/nmea_msgs/share/nmea_msgs/msg/Gpgga.idl
[0.462s] -- Up-to-date: /home/udit/septentrio/install/nmea_msgs/share/nmea_msgs/msg/Gpgsa.idl
[0.462s] -- Up-to-date: /home/udit/septentrio/install/nmea_msgs/share/nmea_msgs/msg/Gpgst.idl
[0.462s] -- Up-to-date: /home/udit/septentrio/install/nmea_msgs/share/nmea_msgs/msg/Gpgsv.idl
[0.462s] -- Up-to-date: /home/udit/septentrio/install/nmea_msgs/share/nmea_msgs/msg/GpgsvSatellite.idl
[0.462s] -- Up-to-date: /home/udit/septentrio/install/nmea_msgs/share/nmea_msgs/msg/Gprmc.idl
[0.462s] -- Up-to-date: /home/udit/septentrio/install/nmea_msgs/share/nmea_msgs/msg/Gpvtg.idl
[0.462s] -- Up-to-date: /home/udit/septentrio/install/nmea_msgs/share/nmea_msgs/msg/Gpzda.idl
[0.462s] -- Up-to-date: /home/udit/septentrio/install/nmea_msgs/share/nmea_msgs/msg/Gphdt.idl
[0.462s] -- Up-to-date: /home/udit/septentrio/install/nmea_msgs/share/nmea_msgs/msg/Sentence.msg
[0.463s] -- Up-to-date: /home/udit/septentrio/install/nmea_msgs/share/nmea_msgs/msg/Gpgga.msg
[0.463s] -- Up-to-date: /home/udit/septentrio/install/nmea_msgs/share/nmea_msgs/msg/Gpgsa.msg
[0.463s] -- Up-to-date: /home/udit/septentrio/install/nmea_msgs/share/nmea_msgs/msg/Gpgst.msg
[0.463s] -- Up-to-date: /home/udit/septentrio/install/nmea_msgs/share/nmea_msgs/msg/Gpgsv.msg
[0.463s] -- Up-to-date: /home/udit/septentrio/install/nmea_msgs/share/nmea_msgs/msg/GpgsvSatellite.msg
[0.463s] -- Up-to-date: /home/udit/septentrio/install/nmea_msgs/share/nmea_msgs/msg/Gprmc.msg
[0.463s] -- Up-to-date: /home/udit/septentrio/install/nmea_msgs/share/nmea_msgs/msg/Gpvtg.msg
[0.463s] -- Up-to-date: /home/udit/septentrio/install/nmea_msgs/share/nmea_msgs/msg/Gpzda.msg
[0.463s] -- Up-to-date: /home/udit/septentrio/install/nmea_msgs/share/nmea_msgs/msg/Gphdt.msg
[0.463s] -- Up-to-date: /home/udit/septentrio/install/nmea_msgs/share/ament_index/resource_index/package_run_dependencies/nmea_msgs
[0.463s] -- Up-to-date: /home/udit/septentrio/install/nmea_msgs/share/ament_index/resource_index/parent_prefix_path/nmea_msgs
[0.463s] -- Up-to-date: /home/udit/septentrio/install/nmea_msgs/share/nmea_msgs/environment/ament_prefix_path.sh
[0.464s] -- Up-to-date: /home/udit/septentrio/install/nmea_msgs/share/nmea_msgs/environment/ament_prefix_path.dsv
[0.464s] -- Up-to-date: /home/udit/septentrio/install/nmea_msgs/share/nmea_msgs/environment/path.sh
[0.464s] -- Up-to-date: /home/udit/septentrio/install/nmea_msgs/share/nmea_msgs/environment/path.dsv
[0.464s] -- Up-to-date: /home/udit/septentrio/install/nmea_msgs/share/nmea_msgs/local_setup.bash
[0.464s] -- Up-to-date: /home/udit/septentrio/install/nmea_msgs/share/nmea_msgs/local_setup.sh
[0.464s] -- Up-to-date: /home/udit/septentrio/install/nmea_msgs/share/nmea_msgs/local_setup.zsh
[0.464s] -- Up-to-date: /home/udit/septentrio/install/nmea_msgs/share/nmea_msgs/local_setup.dsv
[0.464s] -- Installing: /home/udit/septentrio/install/nmea_msgs/share/nmea_msgs/package.dsv
[0.464s] -- Up-to-date: /home/udit/septentrio/install/nmea_msgs/share/ament_index/resource_index/packages/nmea_msgs
[0.464s] -- Up-to-date: /home/udit/septentrio/install/nmea_msgs/share/nmea_msgs/cmake/export_nmea_msgs__rosidl_generator_cExport.cmake
[0.464s] -- Up-to-date: /home/udit/septentrio/install/nmea_msgs/share/nmea_msgs/cmake/export_nmea_msgs__rosidl_generator_cExport-noconfig.cmake
[0.464s] -- Up-to-date: /home/udit/septentrio/install/nmea_msgs/share/nmea_msgs/cmake/export_nmea_msgs__rosidl_typesupport_fastrtps_cExport.cmake
[0.464s] -- Up-to-date: /home/udit/septentrio/install/nmea_msgs/share/nmea_msgs/cmake/export_nmea_msgs__rosidl_typesupport_fastrtps_cExport-noconfig.cmake
[0.464s] -- Up-to-date: /home/udit/septentrio/install/nmea_msgs/share/nmea_msgs/cmake/nmea_msgs__rosidl_typesupport_introspection_cExport.cmake
[0.464s] -- Up-to-date: /home/udit/septentrio/install/nmea_msgs/share/nmea_msgs/cmake/nmea_msgs__rosidl_typesupport_introspection_cExport-noconfig.cmake
[0.465s] -- Up-to-date: /home/udit/septentrio/install/nmea_msgs/share/nmea_msgs/cmake/nmea_msgs__rosidl_typesupport_cExport.cmake
[0.465s] -- Up-to-date: /home/udit/septentrio/install/nmea_msgs/share/nmea_msgs/cmake/nmea_msgs__rosidl_typesupport_cExport-noconfig.cmake
[0.465s] -- Up-to-date: /home/udit/septentrio/install/nmea_msgs/share/nmea_msgs/cmake/export_nmea_msgs__rosidl_generator_cppExport.cmake
[0.465s] -- Up-to-date: /home/udit/septentrio/install/nmea_msgs/share/nmea_msgs/cmake/export_nmea_msgs__rosidl_typesupport_fastrtps_cppExport.cmake
[0.465s] -- Up-to-date: /home/udit/septentrio/install/nmea_msgs/share/nmea_msgs/cmake/export_nmea_msgs__rosidl_typesupport_fastrtps_cppExport-noconfig.cmake
[0.465s] -- Up-to-date: /home/udit/septentrio/install/nmea_msgs/share/nmea_msgs/cmake/nmea_msgs__rosidl_typesupport_introspection_cppExport.cmake
[0.465s] -- Up-to-date: /home/udit/septentrio/install/nmea_msgs/share/nmea_msgs/cmake/nmea_msgs__rosidl_typesupport_introspection_cppExport-noconfig.cmake
[0.465s] -- Up-to-date: /home/udit/septentrio/install/nmea_msgs/share/nmea_msgs/cmake/nmea_msgs__rosidl_typesupport_cppExport.cmake
[0.465s] -- Up-to-date: /home/udit/septentrio/install/nmea_msgs/share/nmea_msgs/cmake/nmea_msgs__rosidl_typesupport_cppExport-noconfig.cmake
[0.465s] -- Up-to-date: /home/udit/septentrio/install/nmea_msgs/share/nmea_msgs/cmake/export_nmea_msgs__rosidl_generator_pyExport.cmake
[0.465s] -- Up-to-date: /home/udit/septentrio/install/nmea_msgs/share/nmea_msgs/cmake/export_nmea_msgs__rosidl_generator_pyExport-noconfig.cmake
[0.465s] -- Up-to-date: /home/udit/septentrio/install/nmea_msgs/share/nmea_msgs/cmake/rosidl_cmake-extras.cmake
[0.465s] -- Up-to-date: /home/udit/septentrio/install/nmea_msgs/share/nmea_msgs/cmake/ament_cmake_export_dependencies-extras.cmake
[0.465s] -- Up-to-date: /home/udit/septentrio/install/nmea_msgs/share/nmea_msgs/cmake/ament_cmake_export_include_directories-extras.cmake
[0.465s] -- Up-to-date: /home/udit/septentrio/install/nmea_msgs/share/nmea_msgs/cmake/ament_cmake_export_libraries-extras.cmake
[0.465s] -- Up-to-date: /home/udit/septentrio/install/nmea_msgs/share/nmea_msgs/cmake/ament_cmake_export_targets-extras.cmake
[0.465s] -- Up-to-date: /home/udit/septentrio/install/nmea_msgs/share/nmea_msgs/cmake/rosidl_cmake_export_typesupport_targets-extras.cmake
[0.466s] -- Up-to-date: /home/udit/septentrio/install/nmea_msgs/share/nmea_msgs/cmake/rosidl_cmake_export_typesupport_libraries-extras.cmake
[0.466s] -- Up-to-date: /home/udit/septentrio/install/nmea_msgs/share/nmea_msgs/cmake/nmea_msgsConfig.cmake
[0.466s] -- Up-to-date: /home/udit/septentrio/install/nmea_msgs/share/nmea_msgs/cmake/nmea_msgsConfig-version.cmake
[0.466s] -- Up-to-date: /home/udit/septentrio/install/nmea_msgs/share/nmea_msgs/package.xml
[0.467s] Invoked command in '/home/udit/septentrio/build/nmea_msgs' returned '0': CMAKE_PREFIX_PATH=/opt/ros/humble /usr/bin/cmake --install /home/udit/septentrio/build/nmea_msgs
